#
# There is insufficient memory for the Java Runtime Environment to continue.
# Native memory allocation (malloc) failed to allocate 34078720 bytes for committing reserved memory.
# Possible reasons:
#   The system is out of physical RAM or swap space
#   In 32 bit mode, the process size limit was hit
# Possible solutions:
#   Reduce memory load on the system
#   Increase physical memory or swap space
#   Check if swap backing store is full
#   Use 64 bit Java on a 64 bit OS
#   Decrease Java heap size (-Xmx/-Xms)
#   Decrease number of Java threads
#   Decrease Java thread stack sizes (-Xss)
#   Set larger code cache with -XX:ReservedCodeCacheSize=
# This output file may be truncated or incomplete.
#
#  Out of Memory Error (os_linux.cpp:2826), pid=12460, tid=2300349248
#
# JRE version: OpenJDK Runtime Environment (7.0_181-b01) (build 1.7.0_181-b01)
# Java VM: OpenJDK Server VM (24.181-b01 mixed mode linux-x86 )
# Derivative: IcedTea 2.6.14
# Distribution: Ubuntu 14.04 LTS, package 7u181-2.6.14-0ubuntu0.2
# Failed to write core dump. Core dumps have been disabled. To enable core dumping, try "ulimit -c unlimited" before starting Java again
#

---------------  T H R E A D  ---------------

Current thread (0x89010800):  VMThread [stack: 0x89148000,0x891c9000] [id=12471]

Stack: [0x89148000,0x891c9000]
VM_Operation (0x8835c0b8): ParallelGCFailedAllocation, mode: safepoint, requested by thread 0x08f46c00


---------------  P R O C E S S  ---------------

Java Threads: ( => current thread )
  0xb6309000 JavaThread "DestroyJavaVM" [_thread_blocked, id=12467, stack(0xb64ae000,0xb64ff000)]
  0x08f46c00 JavaThread "AWT-EventQueue-0" [_thread_blocked, id=12491, stack(0x8830d000,0x8835e000)]
  0x884fc800 JavaThread "AWT-Shutdown" [_thread_blocked, id=12490, stack(0x8835e000,0x883af000)]
  0x88472c00 JavaThread "AWT-XAWT" daemon [_thread_blocked, id=12489, stack(0x883af000,0x88400000)]
  0x8845c000 JavaThread "Java2D Disposer" daemon [_thread_blocked, id=12488, stack(0x8851c000,0x8856d000)]
  0x89037400 JavaThread "Service Thread" daemon [_thread_blocked, id=12485, stack(0x88cc7000,0x88d18000)]
  0x89034c00 JavaThread "C2 CompilerThread1" daemon [_thread_blocked, id=12484, stack(0x88d18000,0x88d99000)]
  0x89032c00 JavaThread "C2 CompilerThread0" daemon [_thread_blocked, id=12483, stack(0x88d99000,0x88e1a000)]
  0x08f21800 JavaThread "JDWP Command Reader" daemon [_thread_in_native, id=12480, stack(0x88e1a000,0x88e6b000)]
  0x89031000 JavaThread "JDWP Event Helper Thread" daemon [_thread_blocked, id=12479, stack(0x88e6b000,0x88ebc000)]
  0x8902e800 JavaThread "JDWP Transport Listener: dt_socket" daemon [_thread_blocked, id=12476, stack(0x88ebc000,0x88f0d000)]
  0x89026000 JavaThread "Signal Dispatcher" daemon [_thread_blocked, id=12474, stack(0x88f0d000,0x88f5e000)]
  0x89014c00 JavaThread "Finalizer" daemon [_thread_blocked, id=12473, stack(0x88f5e000,0x88faf000)]
  0x89013400 JavaThread "Reference Handler" daemon [_thread_blocked, id=12472, stack(0x88faf000,0x89000000)]

Other Threads:
=>0x89010800 VMThread [stack: 0x89148000,0x891c9000] [id=12471]
  0x89039000 WatcherThread [stack: 0x88c46000,0x88cc7000] [id=12486]

VM state:at safepoint (normal execution)

VM Mutex/Monitor currently owned by a thread:  ([mutex/lock_event])
[0xb6306780] Threads_lock - owner thread: 0x89010800
[0xb6306b90] Heap_lock - owner thread: 0x08f46c00

Heap
 PSYoungGen      total 34304K, used 581K [0xa8540000, 0xaa840000, 0xb3000000)
  eden space 32768K, 0% used [0xa8540000,0xa8540000,0xaa540000)
  from space 1536K, 37% used [0xaa540000,0xaa5d1438,0xaa6c0000)
  to   space 1536K, 0% used [0xaa6c0000,0xaa6c0000,0xaa840000)
 ParOldGen       total 21504K, used 1273K [0x93000000, 0x94500000, 0xa8540000)
  object space 21504K, 5% used [0x93000000,0x9313e4e8,0x94500000)
 PSPermGen       total 16384K, used 6611K [0x8b000000, 0x8c000000, 0x93000000)
  object space 16384K, 40% used [0x8b000000,0x8b674e08,0x8c000000)

Card table byte_map: [0x8aebf000,0x8b000000] byte_map_base: 0x8aa67000

Polling page: 0xb76cd000

Code Cache  [0xb30e8000, 0xb3328000, 0xb60e8000)
 total_blobs=266 nmethods=51 adapters=177 free_code_cache=48739Kb largest_free_block=49888960

Compilation events (10 events):
Event: 4.765 Thread 0x89034c00   46 %           ComposedShape::draw @ 15 (40 bytes)
Event: 4.778 Thread 0x89034c00 nmethod 46% 0xb3150608 code [0xb3150780, 0xb3150b24]
Event: 5.566 Thread 0x89032c00   47             java.lang.String::charAt (29 bytes)
Event: 5.567 Thread 0x89032c00 nmethod 47 0xb3146e48 code [0xb3146f40, 0xb3147030]
Event: 5.676 Thread 0x89034c00   48             ComposedShape::draw (40 bytes)
Event: 5.683 Thread 0x89034c00 nmethod 48 0xb314fc48 code [0xb314fde0, 0xb3150250]
Event: 5.689 Thread 0x89032c00   49             sun.java2d.x11.X11Renderer::validate (29 bytes)
Event: 5.703 Thread 0x89032c00 nmethod 49 0xb314f208 code [0xb314f360, 0xb314f7c4]
Event: 6.833 Thread 0x89034c00   51             ComposedShape::addShape (58 bytes)
Event: 6.855 Thread 0x89034c00 nmethod 51 0xb3151f48 code [0xb3152080, 0xb3152450]

GC Heap History (10 events):
Event: 3.557 GC heap after
Heap after GC invocations=2 (full 0):
 PSYoungGen      total 9472K, used 1265K [0xa8540000, 0xa97c0000, 0xb3000000)
  eden space 8192K, 0% used [0xa8540000,0xa8540000,0xa8d40000)
  from space 1280K, 98% used [0xa8e80000,0xa8fbc448,0xa8fc0000)
  to   space 1280K, 0% used [0xa8d40000,0xa8d40000,0xa8e80000)
 ParOldGen       total 21504K, used 8K [0x93000000, 0x94500000, 0xa8540000)
  object space 21504K, 0% used [0x93000000,0x93002000,0x94500000)
 PSPermGen       total 16384K, used 6543K [0x8b000000, 0x8c000000, 0x93000000)
  object space 16384K, 39% used [0x8b000000,0x8b663e20,0x8c000000)
}
Event: 3.561 GC heap before
{Heap before GC invocations=3 (full 0):
 PSYoungGen      total 9472K, used 9456K [0xa8540000, 0xa97c0000, 0xb3000000)
  eden space 8192K, 99% used [0xa8540000,0xa8d3fed0,0xa8d40000)
  from space 1280K, 98% used [0xa8e80000,0xa8fbc448,0xa8fc0000)
  to   space 1280K, 0% used [0xa8d40000,0xa8d40000,0xa8e80000)
 ParOldGen       total 21504K, used 8K [0x93000000, 0x94500000, 0xa8540000)
  object space 21504K, 0% used [0x93000000,0x93002000,0x94500000)
 PSPermGen       total 16384K, used 6544K [0x8b000000, 0x8c000000, 0x93000000)
  object space 16384K, 39% used [0x8b000000,0x8b6641a8,0x8c000000)
Event: 3.566 GC heap after
Heap after GC invocations=3 (full 0):
 PSYoungGen      total 9472K, used 1272K [0xa8540000, 0xa97c0000, 0xb3000000)
  eden space 8192K, 0% used [0xa8540000,0xa8540000,0xa8d40000)
  from space 1280K, 99% used [0xa8d40000,0xa8e7e030,0xa8e80000)
  to   space 1280K, 0% used [0xa9680000,0xa9680000,0xa97c0000)
 ParOldGen       total 21504K, used 46K [0x93000000, 0x94500000, 0xa8540000)
  object space 21504K, 0% used [0x93000000,0x9300b8c8,0x94500000)
 PSPermGen       total 16384K, used 6544K [0x8b000000, 0x8c000000, 0x93000000)
  object space 16384K, 39% used [0x8b000000,0x8b6641a8,0x8c000000)
}
Event: 3.568 GC heap before
{Heap before GC invocations=4 (full 0):
 PSYoungGen      total 9472K, used 9460K [0xa8540000, 0xa97c0000, 0xb3000000)
  eden space 8192K, 99% used [0xa8540000,0xa8d3f360,0xa8d40000)
  from space 1280K, 99% used [0xa8d40000,0xa8e7e030,0xa8e80000)
  to   space 1280K, 0% used [0xa9680000,0xa9680000,0xa97c0000)
 ParOldGen       total 21504K, used 46K [0x93000000, 0x94500000, 0xa8540000)
  object space 21504K, 0% used [0x93000000,0x9300b8c8,0x94500000)
 PSPermGen       total 16384K, used 6544K [0x8b000000, 0x8c000000, 0x93000000)
  object space 16384K, 39% used [0x8b000000,0x8b664308,0x8c000000)
Event: 3.577 GC heap after
Heap after GC invocations=4 (full 0):
 PSYoungGen      total 17664K, used 1271K [0xa8540000, 0xa97c0000, 0xb3000000)
  eden space 16384K, 0% used [0xa8540000,0xa8540000,0xa9540000)
  from space 1280K, 99% used [0xa9680000,0xa97bdc28,0xa97c0000)
  to   space 1280K, 0% used [0xa9540000,0xa9540000,0xa9680000)
 ParOldGen       total 21504K, used 88K [0x93000000, 0x94500000, 0xa8540000)
  object space 21504K, 0% used [0x93000000,0x93016160,0x94500000)
 PSPermGen       total 16384K, used 6544K [0x8b000000, 0x8c000000, 0x93000000)
  object space 16384K, 39% used [0x8b000000,0x8b664308,0x8c000000)
}
Event: 3.699 GC heap before
{Heap before GC invocations=5 (full 0):
 PSYoungGen      total 17664K, used 17640K [0xa8540000, 0xa97c0000, 0xb3000000)
  eden space 16384K, 99% used [0xa8540000,0xa953c6f0,0xa9540000)
  from space 1280K, 99% used [0xa9680000,0xa97bdc28,0xa97c0000)
  to   space 1280K, 0% used [0xa9540000,0xa9540000,0xa9680000)
 ParOldGen       total 21504K, used 88K [0x93000000, 0x94500000, 0xa8540000)
  object space 21504K, 0% used [0x93000000,0x93016160,0x94500000)
 PSPermGen       total 16384K, used 6544K [0x8b000000, 0x8c000000, 0x93000000)
  object space 16384K, 39% used [0x8b000000,0x8b664308,0x8c000000)
Event: 3.715 GC heap after
Heap after GC invocations=5 (full 0):
 PSYoungGen      total 17664K, used 1274K [0xa8540000, 0xaa840000, 0xb3000000)
  eden space 16384K, 0% used [0xa8540000,0xa8540000,0xa9540000)
  from space 1280K, 99% used [0xa9540000,0xa967eb30,0xa9680000)
  to   space 1536K, 0% used [0xaa6c0000,0xaa6c0000,0xaa840000)
 ParOldGen       total 21504K, used 152K [0x93000000, 0x94500000, 0xa8540000)
  object space 21504K, 0% used [0x93000000,0x93026160,0x94500000)
 PSPermGen       total 16384K, used 6544K [0x8b000000, 0x8c000000, 0x93000000)
  object space 16384K, 39% used [0x8b000000,0x8b664308,0x8c000000)
}
Event: 3.725 GC heap before
{Heap before GC invocations=6 (full 0):
 PSYoungGen      total 17664K, used 17658K [0xa8540000, 0xaa840000, 0xb3000000)
  eden space 16384K, 100% used [0xa8540000,0xa9540000,0xa9540000)
  from space 1280K, 99% used [0xa9540000,0xa967eb30,0xa9680000)
  to   space 1536K, 0% used [0xaa6c0000,0xaa6c0000,0xaa840000)
 ParOldGen       total 21504K, used 152K [0x93000000, 0x94500000, 0xa8540000)
  object space 21504K, 0% used [0x93000000,0x93026160,0x94500000)
 PSPermGen       total 16384K, used 6544K [0x8b000000, 0x8c000000, 0x93000000)
  object space 16384K, 39% used [0x8b000000,0x8b664308,0x8c000000)
Event: 3.741 GC heap after
Heap after GC invocations=6 (full 0):
 PSYoungGen      total 34304K, used 1358K [0xa8540000, 0xaa840000, 0xb3000000)
  eden space 32768K, 0% used [0xa8540000,0xa8540000,0xaa540000)
  from space 1536K, 88% used [0xaa6c0000,0xaa813bc0,0xaa840000)
  to   space 1536K, 0% used [0xaa540000,0xaa540000,0xaa6c0000)
 ParOldGen       total 21504K, used 152K [0x93000000, 0x94500000, 0xa8540000)
  object space 21504K, 0% used [0x93000000,0x93026160,0x94500000)
 PSPermGen       total 16384K, used 6544K [0x8b000000, 0x8c000000, 0x93000000)
  object space 16384K, 39% used [0x8b000000,0x8b664308,0x8c000000)
}
Event: 7.140 GC heap before
{Heap before GC invocations=7 (full 0):
 PSYoungGen      total 34304K, used 34120K [0xa8540000, 0xaa840000, 0xb3000000)
  eden space 32768K, 99% used [0xa8540000,0xaa53e740,0xaa540000)
  from space 1536K, 88% used [0xaa6c0000,0xaa813bc0,0xaa840000)
  to   space 1536K, 0% used [0xaa540000,0xaa540000,0xaa6c0000)
 ParOldGen       total 21504K, used 152K [0x93000000, 0x94500000, 0xa8540000)
  object space 21504K, 0% used [0x93000000,0x93026160,0x94500000)
 PSPermGen       total 16384K, used 6611K [0x8b000000, 0x8c000000, 0x93000000)
  object space 16384K, 40% used [0x8b000000,0x8b674e08,0x8c000000)

Deoptimization events (10 events):
Event: 4.689 Thread 0x08f46c00 Uncommon trap: reason=class_check action=maybe_recompile pc=0xb314eb48 method=ComposedShape.draw(Ljava/awt/Graphics;)V @ 22
Event: 4.763 Thread 0x08f46c00 Uncommon trap: reason=class_check action=maybe_recompile pc=0xb314eb48 method=ComposedShape.draw(Ljava/awt/Graphics;)V @ 22
Event: 4.769 Thread 0x08f46c00 Uncommon trap: reason=class_check action=maybe_recompile pc=0xb314eb48 method=ComposedShape.draw(Ljava/awt/Graphics;)V @ 22
Event: 4.806 Thread 0x08f46c00 Uncommon trap: reason=class_check action=maybe_recompile pc=0xb314eb48 method=ComposedShape.draw(Ljava/awt/Graphics;)V @ 22
Event: 5.683 Thread 0x08f46c00 Uncommon trap: reason=class_check action=maybe_recompile pc=0xb314ccf4 method=sun.java2d.SunGraphics2D.drawPolygon([I[II)V @ 8
Event: 5.683 Thread 0x08f46c00 Uncommon trap: reason=class_check action=maybe_recompile pc=0xb3150168 method=ComposedShape.draw(Ljava/awt/Graphics;)V @ 5
Event: 5.685 Thread 0x08f46c00 Uncommon trap: reason=class_check action=maybe_recompile pc=0xb314ccf4 method=sun.java2d.SunGraphics2D.drawPolygon([I[II)V @ 8
Event: 5.685 Thread 0x08f46c00 Uncommon trap: reason=bimorphic action=maybe_recompile pc=0xb3150a54 method=ComposedShape.draw(Ljava/awt/Graphics;)V @ 22
Event: 5.700 Thread 0x08f46c00 Uncommon trap: reason=class_check action=maybe_recompile pc=0xb3150168 method=ComposedShape.draw(Ljava/awt/Graphics;)V @ 5
Event: 5.700 Thread 0x08f46c00 Uncommon trap: reason=class_check action=maybe_recompile pc=0xb314ccf4 method=sun.java2d.SunGraphics2D.drawPolygon([I[II)V @ 8

Internal exceptions (10 events):
Event: 0.565 Thread 0xb6309000 Threw 0xa85d94c0 at /build/openjdk-7-gf28pu/openjdk-7-7u181-2.6.14/build/openjdk/hotspot/src/share/vm/prims/jni.cpp:721
Event: 0.643 Thread 0xb6309000 Threw 0xa85f74b8 at /build/openjdk-7-gf28pu/openjdk-7-7u181-2.6.14/build/openjdk/hotspot/src/share/vm/classfile/systemDictionary.cpp:196
Event: 0.662 Thread 0xb6309000 Threw 0xa8614830 at /build/openjdk-7-gf28pu/openjdk-7-7u181-2.6.14/build/openjdk/hotspot/src/share/vm/prims/jvm.cpp:1369
Event: 0.662 Thread 0xb6309000 Threw 0xa8614948 at /build/openjdk-7-gf28pu/openjdk-7-7u181-2.6.14/build/openjdk/hotspot/src/share/vm/prims/jvm.cpp:1369
Event: 0.663 Thread 0xb6309000 Threw 0xa8616dc0 at /build/openjdk-7-gf28pu/openjdk-7-7u181-2.6.14/build/openjdk/hotspot/src/share/vm/prims/jvm.cpp:1369
Event: 0.663 Thread 0xb6309000 Threw 0xa8616ed8 at /build/openjdk-7-gf28pu/openjdk-7-7u181-2.6.14/build/openjdk/hotspot/src/share/vm/prims/jvm.cpp:1369
Event: 0.663 Thread 0xb6309000 Threw 0xa8617850 at /build/openjdk-7-gf28pu/openjdk-7-7u181-2.6.14/build/openjdk/hotspot/src/share/vm/prims/jvm.cpp:1369
Event: 0.663 Thread 0xb6309000 Threw 0xa8617968 at /build/openjdk-7-gf28pu/openjdk-7-7u181-2.6.14/build/openjdk/hotspot/src/share/vm/prims/jvm.cpp:1369
Event: 0.904 Thread 0xb6309000 Threw 0xa86c3b58 at /build/openjdk-7-gf28pu/openjdk-7-7u181-2.6.14/build/openjdk/hotspot/src/share/vm/prims/jvm.cpp:1369
Event: 0.914 Thread 0xb6309000 Threw 0xa874d210 at /build/openjdk-7-gf28pu/openjdk-7-7u181-2.6.14/build/openjdk/hotspot/src/share/vm/prims/jvm.cpp:1369

Events (10 events):
Event: 5.685 Thread 0x08f46c00 DEOPT UNPACKING pc=0xb3114bc8 sp=0x8835bcfc mode 2
Event: 5.688 Executing VM operation: RevokeBias
Event: 5.688 Executing VM operation: RevokeBias done
Event: 5.700 Thread 0x08f46c00 Uncommon trap: trap_request=0xffffffde fr.pc=0xb3150168
Event: 5.700 Thread 0x08f46c00 DEOPT PACKING pc=0xb3150168 sp=0x8835bd00
Event: 5.700 Thread 0x08f46c00 DEOPT UNPACKING pc=0xb3114bc8 sp=0x8835bcfc mode 2
Event: 5.700 Thread 0x08f46c00 Uncommon trap: trap_request=0xffffffde fr.pc=0xb314ccf4
Event: 5.700 Thread 0x08f46c00 DEOPT PACKING pc=0xb314ccf4 sp=0x8835bc60
Event: 5.700 Thread 0x08f46c00 DEOPT UNPACKING pc=0xb3114bc8 sp=0x8835bc68 mode 2
Event: 7.140 Executing VM operation: ParallelGCFailedAllocation


Dynamic libraries:
08048000-08049000 r-xp 00000000 08:01 279149     /usr/lib/jvm/java-7-openjdk-i386/jre/bin/java
08049000-0804a000 r--p 00000000 08:01 279149     /usr/lib/jvm/java-7-openjdk-i386/jre/bin/java
0804a000-0804b000 rw-p 00001000 08:01 279149     /usr/lib/jvm/java-7-openjdk-i386/jre/bin/java
08f1f000-0902c000 rw-p 00000000 00:00 0          [heap]
88000000-880a4000 rw-p 00000000 00:00 0 
880a4000-88100000 ---p 00000000 00:00 0 
8819a000-881ab000 r-xp 00000000 08:01 279082     /usr/lib/jvm/java-7-openjdk-i386/jre/lib/i386/libnio.so
881ab000-881ac000 r--p 00010000 08:01 279082     /usr/lib/jvm/java-7-openjdk-i386/jre/lib/i386/libnio.so
881ac000-881ad000 rw-p 00011000 08:01 279082     /usr/lib/jvm/java-7-openjdk-i386/jre/lib/i386/libnio.so
881ad000-881fd000 r-xp 00000000 08:01 279065     /usr/lib/jvm/java-7-openjdk-i386/jre/lib/i386/libfontmanager.so
881fd000-881ff000 r--p 0004f000 08:01 279065     /usr/lib/jvm/java-7-openjdk-i386/jre/lib/i386/libfontmanager.so
881ff000-88200000 rw-p 00051000 08:01 279065     /usr/lib/jvm/java-7-openjdk-i386/jre/lib/i386/libfontmanager.so
88200000-882fc000 rw-p 00000000 00:00 0 
882fc000-88300000 ---p 00000000 00:00 0 
8830d000-88310000 ---p 00000000 00:00 0 
88310000-8835e000 rw-p 00000000 00:00 0 
8835e000-88361000 ---p 00000000 00:00 0 
88361000-883af000 rw-p 00000000 00:00 0 
883af000-883b2000 ---p 00000000 00:00 0 
883b2000-88400000 rw-p 00000000 00:00 0 
88400000-88500000 rw-p 00000000 00:00 0 
88502000-8851a000 r-xp 00000000 08:01 279060     /usr/lib/jvm/java-7-openjdk-i386/jre/lib/i386/libnet.so
8851a000-8851b000 r--p 00017000 08:01 279060     /usr/lib/jvm/java-7-openjdk-i386/jre/lib/i386/libnet.so
8851b000-8851c000 rw-p 00018000 08:01 279060     /usr/lib/jvm/java-7-openjdk-i386/jre/lib/i386/libnet.so
8851c000-8851f000 ---p 00000000 00:00 0 
8851f000-8856d000 rw-p 00000000 00:00 0 
8856d000-885a9000 r-xp 00000000 08:01 656778     /lib/i386-linux-gnu/libpcre.so.3.13.1
885a9000-885aa000 r--p 0003b000 08:01 656778     /lib/i386-linux-gnu/libpcre.so.3.13.1
885aa000-885ab000 rw-p 0003c000 08:01 656778     /lib/i386-linux-gnu/libpcre.so.3.13.1
885ab000-885d1000 r-xp 00000000 08:01 656840     /lib/i386-linux-gnu/libpng12.so.0.50.0
885d1000-885d2000 r--p 00025000 08:01 656840     /lib/i386-linux-gnu/libpng12.so.0.50.0
885d2000-885d3000 rw-p 00026000 08:01 656840     /lib/i386-linux-gnu/libpng12.so.0.50.0
885d3000-885d8000 r-xp 00000000 08:01 136821     /usr/lib/i386-linux-gnu/libXdmcp.so.6.0.0
885d8000-885d9000 r--p 00004000 08:01 136821     /usr/lib/i386-linux-gnu/libXdmcp.so.6.0.0
885d9000-885da000 rw-p 00005000 08:01 136821     /usr/lib/i386-linux-gnu/libXdmcp.so.6.0.0
885da000-885e0000 r-xp 00000000 08:01 131796     /usr/lib/i386-linux-gnu/libffi.so.6.0.1
885e0000-885e1000 r--p 00005000 08:01 131796     /usr/lib/i386-linux-gnu/libffi.so.6.0.1
885e1000-885e2000 rw-p 00006000 08:01 131796     /usr/lib/i386-linux-gnu/libffi.so.6.0.1
885e2000-88602000 r-xp 00000000 08:01 656805     /lib/i386-linux-gnu/libselinux.so.1
88602000-88603000 r--p 0001f000 08:01 656805     /lib/i386-linux-gnu/libselinux.so.1
88603000-88604000 rw-p 00020000 08:01 656805     /lib/i386-linux-gnu/libselinux.so.1
88604000-88605000 rw-p 00000000 00:00 0 
88605000-8870f000 r-xp 00000000 08:01 674749     /lib/i386-linux-gnu/libglib-2.0.so.0.4002.0
8870f000-88710000 r--p 00109000 08:01 674749     /lib/i386-linux-gnu/libglib-2.0.so.0.4002.0
88710000-88711000 rw-p 0010a000 08:01 674749     /lib/i386-linux-gnu/libglib-2.0.so.0.4002.0
88711000-88736000 r-xp 00000000 08:01 674178     /lib/i386-linux-gnu/libexpat.so.1.6.0
88736000-88737000 ---p 00025000 08:01 674178     /lib/i386-linux-gnu/libexpat.so.1.6.0
88737000-88739000 r--p 00025000 08:01 674178     /lib/i386-linux-gnu/libexpat.so.1.6.0
88739000-8873a000 rw-p 00027000 08:01 674178     /lib/i386-linux-gnu/libexpat.so.1.6.0
8873a000-887d5000 r-xp 00000000 08:01 137115     /usr/lib/i386-linux-gnu/libfreetype.so.6.11.1
887d5000-887d9000 r--p 0009a000 08:01 137115     /usr/lib/i386-linux-gnu/libfreetype.so.6.11.1
887d9000-887da000 rw-p 0009e000 08:01 137115     /usr/lib/i386-linux-gnu/libfreetype.so.6.11.1
887da000-887fa000 r-xp 00000000 08:01 137881     /usr/lib/i386-linux-gnu/libxcb.so.1.1.0
887fa000-887fb000 r--p 0001f000 08:01 137881     /usr/lib/i386-linux-gnu/libxcb.so.1.1.0
887fb000-887fc000 rw-p 00020000 08:01 137881     /usr/lib/i386-linux-gnu/libxcb.so.1.1.0
887fc000-8884c000 r-xp 00000000 08:01 131892     /usr/lib/i386-linux-gnu/libgobject-2.0.so.0.4002.0
8884c000-8884d000 r--p 0004f000 08:01 131892     /usr/lib/i386-linux-gnu/libgobject-2.0.so.0.4002.0
8884d000-8884e000 rw-p 00050000 08:01 131892     /usr/lib/i386-linux-gnu/libgobject-2.0.so.0.4002.0
8884e000-889cb000 r-xp 00000000 08:01 131871     /usr/lib/i386-linux-gnu/libgio-2.0.so.0.4002.0
889cb000-889cc000 ---p 0017d000 08:01 131871     /usr/lib/i386-linux-gnu/libgio-2.0.so.0.4002.0
889cc000-889ce000 r--p 0017d000 08:01 131871     /usr/lib/i386-linux-gnu/libgio-2.0.so.0.4002.0
889ce000-889cf000 rw-p 0017f000 08:01 131871     /usr/lib/i386-linux-gnu/libgio-2.0.so.0.4002.0
889cf000-889d0000 rw-p 00000000 00:00 0 
889d0000-88a09000 r-xp 00000000 08:01 137433     /usr/lib/i386-linux-gnu/libfontconfig.so.1.8.0
88a09000-88a0a000 r--p 00039000 08:01 137433     /usr/lib/i386-linux-gnu/libfontconfig.so.1.8.0
88a0a000-88a0b000 rw-p 0003a000 08:01 137433     /usr/lib/i386-linux-gnu/libfontconfig.so.1.8.0
88a0b000-88b3b000 r-xp 00000000 08:01 132186     /usr/lib/i386-linux-gnu/libX11.so.6.3.0
88b3b000-88b3c000 r--p 00130000 08:01 132186     /usr/lib/i386-linux-gnu/libX11.so.6.3.0
88b3c000-88b3e000 rw-p 00131000 08:01 132186     /usr/lib/i386-linux-gnu/libX11.so.6.3.0
88b3e000-88b3f000 rw-p 00000000 00:00 0 
88b3f000-88b87000 r-xp 00000000 08:01 279279     /usr/lib/jvm/java-7-openjdk-i386/jre/lib/i386/xawt/libmawt.so
88b87000-88b88000 r--p 00048000 08:01 279279     /usr/lib/jvm/java-7-openjdk-i386/jre/lib/i386/xawt/libmawt.so
88b88000-88b8a000 rw-p 00049000 08:01 279279     /usr/lib/jvm/java-7-openjdk-i386/jre/lib/i386/xawt/libmawt.so
88b8a000-88b8b000 rw-p 00000000 00:00 0 
88b8b000-88c1a000 r-xp 00000000 08:01 279091     /usr/lib/jvm/java-7-openjdk-i386/jre/lib/i386/libawt.so
88c1a000-88c1b000 r--p 0008e000 08:01 279091     /usr/lib/jvm/java-7-openjdk-i386/jre/lib/i386/libawt.so
88c1b000-88c22000 rw-p 0008f000 08:01 279091     /usr/lib/jvm/java-7-openjdk-i386/jre/lib/i386/libawt.so
88c22000-88c46000 rw-p 00000000 00:00 0 
88c46000-88c47000 ---p 00000000 00:00 0 
88c47000-88cc7000 rw-p 00000000 00:00 0 
88cc7000-88cca000 ---p 00000000 00:00 0 
88cca000-88d18000 rw-p 00000000 00:00 0 
88d18000-88d1b000 ---p 00000000 00:00 0 
88d1b000-88d99000 rw-p 00000000 00:00 0 
88d99000-88d9c000 ---p 00000000 00:00 0 
88d9c000-88e1a000 rw-p 00000000 00:00 0 
88e1a000-88e1d000 ---p 00000000 00:00 0 
88e1d000-88e6b000 rw-p 00000000 00:00 0 
88e6b000-88e6e000 ---p 00000000 00:00 0 
88e6e000-88ebc000 rw-p 00000000 00:00 0 
88ebc000-88ebf000 ---p 00000000 00:00 0 
88ebf000-88f0d000 rw-p 00000000 00:00 0 
88f0d000-88f10000 ---p 00000000 00:00 0 
88f10000-88f5e000 rw-p 00000000 00:00 0 
88f5e000-88f61000 ---p 00000000 00:00 0 
88f61000-88faf000 rw-p 00000000 00:00 0 
88faf000-88fb2000 ---p 00000000 00:00 0 
88fb2000-89000000 rw-p 00000000 00:00 0 
89000000-890f9000 rw-p 00000000 00:00 0 
890f9000-89100000 ---p 00000000 00:00 0 
89100000-89104000 r-xp 00000000 08:01 136825     /usr/lib/i386-linux-gnu/libXfixes.so.3.1.0
89104000-89105000 r--p 00003000 08:01 136825     /usr/lib/i386-linux-gnu/libXfixes.so.3.1.0
89105000-89106000 rw-p 00004000 08:01 136825     /usr/lib/i386-linux-gnu/libXfixes.so.3.1.0
89106000-89119000 r-xp 00000000 08:01 675166     /lib/i386-linux-gnu/libresolv-2.19.so
89119000-8911a000 ---p 00013000 08:01 675166     /lib/i386-linux-gnu/libresolv-2.19.so
8911a000-8911b000 r--p 00013000 08:01 675166     /lib/i386-linux-gnu/libresolv-2.19.so
8911b000-8911c000 rw-p 00014000 08:01 675166     /lib/i386-linux-gnu/libresolv-2.19.so
8911c000-8911e000 rw-p 00000000 00:00 0 
8911e000-8912c000 r-xp 00000000 08:01 136831     /usr/lib/i386-linux-gnu/libXi.so.6.1.0
8912c000-8912d000 r--p 0000e000 08:01 136831     /usr/lib/i386-linux-gnu/libXi.so.6.1.0
8912d000-8912e000 rw-p 0000f000 08:01 136831     /usr/lib/i386-linux-gnu/libXi.so.6.1.0
8912e000-89133000 r-xp 00000000 08:01 136851     /usr/lib/i386-linux-gnu/libXtst.so.6.1.0
89133000-89134000 r--p 00004000 08:01 136851     /usr/lib/i386-linux-gnu/libXtst.so.6.1.0
89134000-89135000 rw-p 00005000 08:01 136851     /usr/lib/i386-linux-gnu/libXtst.so.6.1.0
89135000-89146000 r-xp 00000000 08:01 136823     /usr/lib/i386-linux-gnu/libXext.so.6.4.0
89146000-89147000 r--p 00010000 08:01 136823     /usr/lib/i386-linux-gnu/libXext.so.6.4.0
89147000-89148000 rw-p 00011000 08:01 136823     /usr/lib/i386-linux-gnu/libXext.so.6.4.0
89148000-89149000 ---p 00000000 00:00 0 
89149000-891c9000 rw-p 00000000 00:00 0 
891c9000-89380000 r--s 01d7c000 08:01 279096     /usr/lib/jvm/java-7-openjdk-i386/jre/lib/rt.jar
89380000-8aa00000 rw-p 00000000 00:00 0 
8aa00000-8aa21000 rw-p 00000000 00:00 0 
8aa21000-8ab00000 ---p 00000000 00:00 0 
8ab00000-8ab02000 r-xp 00000000 08:01 136810     /usr/lib/i386-linux-gnu/libXau.so.6.0.0
8ab02000-8ab03000 r--p 00001000 08:01 136810     /usr/lib/i386-linux-gnu/libXau.so.6.0.0
8ab03000-8ab04000 rw-p 00002000 08:01 136810     /usr/lib/i386-linux-gnu/libXau.so.6.0.0
8ab04000-8ab0d000 r-xp 00000000 08:01 136845     /usr/lib/i386-linux-gnu/libXrender.so.1.3.0
8ab0d000-8ab0e000 r--p 00008000 08:01 136845     /usr/lib/i386-linux-gnu/libXrender.so.1.3.0
8ab0e000-8ab0f000 rw-p 00009000 08:01 136845     /usr/lib/i386-linux-gnu/libXrender.so.1.3.0
8ab0f000-8ab18000 r-xp 00000000 08:01 137829     /usr/lib/i386-linux-gnu/libXcursor.so.1.0.2
8ab18000-8ab19000 r--p 00008000 08:01 137829     /usr/lib/i386-linux-gnu/libXcursor.so.1.0.2
8ab19000-8ab1a000 rw-p 00009000 08:01 137829     /usr/lib/i386-linux-gnu/libXcursor.so.1.0.2
8ab1a000-8ab24000 r--s 000b0000 08:01 279097     /usr/lib/jvm/java-7-openjdk-i386/jre/lib/resources.jar
8ab24000-8ab7f000 rw-p 00000000 00:00 0 
8ab7f000-8ab80000 ---p 00000000 00:00 0 
8ab80000-8ac00000 rw-p 00000000 00:00 0 
8ac00000-8ac21000 rw-p 00000000 00:00 0 
8ac21000-8ad00000 ---p 00000000 00:00 0 
8ad00000-8ad03000 r-xp 00000000 08:01 131889     /usr/lib/i386-linux-gnu/libgmodule-2.0.so.0.4002.0
8ad03000-8ad04000 r--p 00002000 08:01 131889     /usr/lib/i386-linux-gnu/libgmodule-2.0.so.0.4002.0
8ad04000-8ad05000 rw-p 00003000 08:01 131889     /usr/lib/i386-linux-gnu/libgmodule-2.0.so.0.4002.0
8ad05000-8ad07000 r-xp 00000000 08:01 136815     /usr/lib/i386-linux-gnu/libXcomposite.so.1.0.0
8ad07000-8ad08000 r--p 00001000 08:01 136815     /usr/lib/i386-linux-gnu/libXcomposite.so.1.0.0
8ad08000-8ad09000 rw-p 00002000 08:01 136815     /usr/lib/i386-linux-gnu/libXcomposite.so.1.0.0
8ad09000-8ad53000 rw-p 00000000 00:00 0 
8ad53000-8ad54000 ---p 00000000 00:00 0 
8ad54000-8addc000 rw-p 00000000 00:00 0 
8addc000-8ae14000 rw-p 00000000 00:00 0 
8ae14000-8ae1f000 rw-p 00000000 00:00 0 
8ae1f000-8aebf000 rw-p 00000000 00:00 0 
8aebf000-8aec7000 rw-p 00000000 00:00 0 
8aec7000-8aeff000 rw-p 00000000 00:00 0 
8aeff000-8af0a000 rw-p 00000000 00:00 0 
8af0a000-8afa9000 rw-p 00000000 00:00 0 
8afa9000-8afbc000 rw-p 00000000 00:00 0 
8afbc000-8afff000 rw-p 00000000 00:00 0 
8afff000-8c000000 rw-p 00000000 00:00 0 
8c000000-93000000 rw-p 00000000 00:00 0 
93000000-94500000 rw-p 00000000 00:00 0 
94500000-a8540000 rw-p 00000000 00:00 0 
a8540000-aa840000 rw-p 00000000 00:00 0 
ac8c0000-b3000000 rw-p 00000000 00:00 0 
b3002000-b3005000 r--s 0000f000 08:01 279103     /usr/lib/jvm/java-7-openjdk-i386/jre/lib/ext/icedtea-sound.jar
b3005000-b3007000 r--s 00012000 08:01 279106     /usr/lib/jvm/java-7-openjdk-i386/jre/lib/ext/zipfs.jar
b3007000-b300b000 r--s 00036000 08:01 279108     /usr/lib/jvm/java-7-openjdk-i386/jre/lib/ext/sunjce_provider.jar
b300b000-b300f000 r--s 0003d000 08:01 279104     /usr/lib/jvm/java-7-openjdk-i386/jre/lib/ext/sunpkcs11.jar
b300f000-b3013000 r--s 00085000 08:01 279107     /usr/lib/jvm/java-7-openjdk-i386/jre/lib/ext/localedata.jar
b3013000-b3017000 r-xp 00000000 08:01 279086     /usr/lib/jvm/java-7-openjdk-i386/jre/lib/i386/libdt_socket.so
b3017000-b3018000 r--p 00003000 08:01 279086     /usr/lib/jvm/java-7-openjdk-i386/jre/lib/i386/libdt_socket.so
b3018000-b3019000 rw-p 00004000 08:01 279086     /usr/lib/jvm/java-7-openjdk-i386/jre/lib/i386/libdt_socket.so
b3019000-b3031000 rw-p 00000000 00:00 0 
b3031000-b30e8000 rw-p 00000000 00:00 0 
b30e8000-b3328000 rwxp 00000000 00:00 0 
b3328000-b60e8000 rw-p 00000000 00:00 0 
b60e8000-b60f2000 r-xp 00000000 08:01 674751     /lib/i386-linux-gnu/libnss_files-2.19.so
b60f2000-b60f3000 r--p 00009000 08:01 674751     /lib/i386-linux-gnu/libnss_files-2.19.so
b60f3000-b60f4000 rw-p 0000a000 08:01 674751     /lib/i386-linux-gnu/libnss_files-2.19.so
b60f4000-b60fe000 r-xp 00000000 08:01 675412     /lib/i386-linux-gnu/libnss_nis-2.19.so
b60fe000-b60ff000 r--p 00009000 08:01 675412     /lib/i386-linux-gnu/libnss_nis-2.19.so
b60ff000-b6100000 rw-p 0000a000 08:01 675412     /lib/i386-linux-gnu/libnss_nis-2.19.so
b6100000-b6300000 r--p 00000000 08:01 141837     /usr/lib/locale/locale-archive
b6300000-b63ff000 rw-p 00000000 00:00 0 
b63ff000-b6400000 ---p 00000000 00:00 0 
b6401000-b6416000 r-xp 00000000 08:01 678759     /lib/i386-linux-gnu/libnsl-2.19.so
b6416000-b6417000 r--p 00015000 08:01 678759     /lib/i386-linux-gnu/libnsl-2.19.so
b6417000-b6418000 rw-p 00016000 08:01 678759     /lib/i386-linux-gnu/libnsl-2.19.so
b6418000-b641a000 rw-p 00000000 00:00 0 
b641a000-b6421000 r-xp 00000000 08:01 675588     /lib/i386-linux-gnu/libnss_compat-2.19.so
b6421000-b6422000 r--p 00006000 08:01 675588     /lib/i386-linux-gnu/libnss_compat-2.19.so
b6422000-b6423000 rw-p 00007000 08:01 675588     /lib/i386-linux-gnu/libnss_compat-2.19.so
b6424000-b6426000 r--s 00006000 08:01 414422     /usr/share/java/java-atk-wrapper.jar
b6426000-b642e000 r-xp 00000000 08:01 279075     /usr/lib/jvm/java-7-openjdk-i386/jre/lib/i386/libzip.so
b642e000-b642f000 r--p 00007000 08:01 279075     /usr/lib/jvm/java-7-openjdk-i386/jre/lib/i386/libzip.so
b642f000-b6430000 rw-p 00008000 08:01 279075     /usr/lib/jvm/java-7-openjdk-i386/jre/lib/i386/libzip.so
b6430000-b6438000 rw-s 00000000 08:01 688475     /tmp/hsperfdata_gtucpp/12460
b6438000-b643a000 r-xp 00000000 08:01 279090     /usr/lib/jvm/java-7-openjdk-i386/jre/lib/i386/libnpt.so
b643a000-b643b000 r--p 00001000 08:01 279090     /usr/lib/jvm/java-7-openjdk-i386/jre/lib/i386/libnpt.so
b643b000-b643c000 rw-p 00002000 08:01 279090     /usr/lib/jvm/java-7-openjdk-i386/jre/lib/i386/libnpt.so
b643c000-b647a000 r-xp 00000000 08:01 279084     /usr/lib/jvm/java-7-openjdk-i386/jre/lib/i386/libjdwp.so
b647a000-b647b000 r--p 0003d000 08:01 279084     /usr/lib/jvm/java-7-openjdk-i386/jre/lib/i386/libjdwp.so
b647b000-b647c000 rw-p 0003e000 08:01 279084     /usr/lib/jvm/java-7-openjdk-i386/jre/lib/i386/libjdwp.so
b647c000-b64a3000 r-xp 00000000 08:01 279094     /usr/lib/jvm/java-7-openjdk-i386/jre/lib/i386/libjava.so
b64a3000-b64a4000 r--p 00026000 08:01 279094     /usr/lib/jvm/java-7-openjdk-i386/jre/lib/i386/libjava.so
b64a4000-b64a5000 rw-p 00027000 08:01 279094     /usr/lib/jvm/java-7-openjdk-i386/jre/lib/i386/libjava.so
b64a5000-b64ac000 r-xp 00000000 08:01 678730     /lib/i386-linux-gnu/librt-2.19.so
b64ac000-b64ad000 r--p 00006000 08:01 678730     /lib/i386-linux-gnu/librt-2.19.so
b64ad000-b64ae000 rw-p 00007000 08:01 678730     /lib/i386-linux-gnu/librt-2.19.so
b64ae000-b64b1000 ---p 00000000 00:00 0 
b64b1000-b64ff000 rw-p 00000000 00:00 0 
b64ff000-b651b000 r-xp 00000000 08:01 656702     /lib/i386-linux-gnu/libgcc_s.so.1
b651b000-b651c000 rw-p 0001b000 08:01 656702     /lib/i386-linux-gnu/libgcc_s.so.1
b651c000-b6560000 r-xp 00000000 08:01 678723     /lib/i386-linux-gnu/libm-2.19.so
b6560000-b6561000 r--p 00043000 08:01 678723     /lib/i386-linux-gnu/libm-2.19.so
b6561000-b6562000 rw-p 00044000 08:01 678723     /lib/i386-linux-gnu/libm-2.19.so
b6562000-b663e000 r-xp 00000000 08:01 131527     /usr/lib/i386-linux-gnu/libstdc++.so.6.0.19
b663e000-b6642000 r--p 000dc000 08:01 131527     /usr/lib/i386-linux-gnu/libstdc++.so.6.0.19
b6642000-b6643000 rw-p 000e0000 08:01 131527     /usr/lib/i386-linux-gnu/libstdc++.so.6.0.19
b6643000-b664a000 rw-p 00000000 00:00 0 
b664a000-b7056000 r-xp 00000000 08:01 279055     /usr/lib/jvm/java-7-openjdk-i386/jre/lib/i386/server/libjvm.so
b7056000-b70a9000 r--p 00a0b000 08:01 279055     /usr/lib/jvm/java-7-openjdk-i386/jre/lib/i386/server/libjvm.so
b70a9000-b70bd000 rw-p 00a5e000 08:01 279055     /usr/lib/jvm/java-7-openjdk-i386/jre/lib/i386/server/libjvm.so
b70bd000-b74dc000 rw-p 00000000 00:00 0 
b74dc000-b74f4000 r-xp 00000000 08:01 656653     /lib/i386-linux-gnu/libz.so.1.2.8
b74f4000-b74f5000 r--p 00017000 08:01 656653     /lib/i386-linux-gnu/libz.so.1.2.8
b74f5000-b74f6000 rw-p 00018000 08:01 656653     /lib/i386-linux-gnu/libz.so.1.2.8
b74f6000-b750e000 r-xp 00000000 08:01 678729     /lib/i386-linux-gnu/libpthread-2.19.so
b750e000-b750f000 r--p 00018000 08:01 678729     /lib/i386-linux-gnu/libpthread-2.19.so
b750f000-b7510000 rw-p 00019000 08:01 678729     /lib/i386-linux-gnu/libpthread-2.19.so
b7510000-b7512000 rw-p 00000000 00:00 0 
b7512000-b7515000 r-xp 00000000 08:01 678771     /lib/i386-linux-gnu/libdl-2.19.so
b7515000-b7516000 r--p 00002000 08:01 678771     /lib/i386-linux-gnu/libdl-2.19.so
b7516000-b7517000 rw-p 00003000 08:01 678771     /lib/i386-linux-gnu/libdl-2.19.so
b7517000-b7518000 rw-p 00000000 00:00 0 
b7518000-b76c3000 r-xp 00000000 08:01 678873     /lib/i386-linux-gnu/libc-2.19.so
b76c3000-b76c5000 r--p 001aa000 08:01 678873     /lib/i386-linux-gnu/libc-2.19.so
b76c5000-b76c6000 rw-p 001ac000 08:01 678873     /lib/i386-linux-gnu/libc-2.19.so
b76c6000-b76c9000 rw-p 00000000 00:00 0 
b76ca000-b76cb000 r--s 00002000 08:01 279105     /usr/lib/jvm/java-7-openjdk-i386/jre/lib/ext/dnsns.jar
b76cb000-b76cc000 r--p 00855000 08:01 141837     /usr/lib/locale/locale-archive
b76cc000-b76cd000 rw-p 00000000 00:00 0 
b76cd000-b76ce000 ---p 00000000 00:00 0 
b76ce000-b76dc000 r-xp 00000000 08:01 279080     /usr/lib/jvm/java-7-openjdk-i386/jre/lib/i386/libverify.so
b76dc000-b76dd000 r--p 0000d000 08:01 279080     /usr/lib/jvm/java-7-openjdk-i386/jre/lib/i386/libverify.so
b76dd000-b76de000 rw-p 0000e000 08:01 279080     /usr/lib/jvm/java-7-openjdk-i386/jre/lib/i386/libverify.so
b76de000-b76ea000 r-xp 00000000 08:01 279077     /usr/lib/jvm/java-7-openjdk-i386/jre/lib/i386/jli/libjli.so
b76ea000-b76eb000 r--p 0000c000 08:01 279077     /usr/lib/jvm/java-7-openjdk-i386/jre/lib/i386/jli/libjli.so
b76eb000-b76ec000 rw-p 0000d000 08:01 279077     /usr/lib/jvm/java-7-openjdk-i386/jre/lib/i386/jli/libjli.so
b76ec000-b76ed000 rw-p 00000000 00:00 0 
b76ed000-b76f0000 r--p 00000000 00:00 0          [vvar]
b76f0000-b76f2000 r-xp 00000000 00:00 0          [vdso]
b76f2000-b7712000 r-xp 00000000 08:01 678726     /lib/i386-linux-gnu/ld-2.19.so
b7712000-b7713000 r--p 0001f000 08:01 678726     /lib/i386-linux-gnu/ld-2.19.so
b7713000-b7714000 rw-p 00020000 08:01 678726     /lib/i386-linux-gnu/ld-2.19.so
bfc3e000-bfc3f000 rwxp 00000000 00:00 0 
bfd71000-bfd92000 rw-p 00000000 00:00 0          [stack]

VM Arguments:
jvm_args: -agentlib:jdwp=transport=dt_socket,suspend=y,address=localhost:36257 -Dfile.encoding=UTF-8 
java_command: TestShape
Launcher Type: SUN_STANDARD

Environment Variables:
PATH=/usr/local/sbin:/usr/local/bin:/usr/sbin:/usr/bin:/sbin:/bin:/usr/games:/usr/local/games
LD_LIBRARY_PATH=/usr/lib/jvm/java-7-openjdk-i386/jre/lib/i386/server:/usr/lib/jvm/java-7-openjdk-i386/jre/lib/i386:/usr/lib/jvm/java-7-openjdk-i386/jre/../lib/i386:/usr/lib/jvm/java-7-openjdk-i386/jre/lib/i386/client:/usr/lib/jvm/java-7-openjdk-i386/jre/lib/i386:
SHELL=/bin/bash
DISPLAY=:0

Signal Handlers:
SIGSEGV: [libjvm.so+0x825430], sa_mask[0]=0x7ffbfeff, sa_flags=0x10000004
SIGBUS: [libjvm.so+0x825430], sa_mask[0]=0x7ffbfeff, sa_flags=0x10000004
SIGFPE: [libjvm.so+0x6975c0], sa_mask[0]=0x7ffbfeff, sa_flags=0x10000004
SIGPIPE: [libjvm.so+0x6975c0], sa_mask[0]=0x7ffbfeff, sa_flags=0x10000004
SIGXFSZ: [libjvm.so+0x6975c0], sa_mask[0]=0x7ffbfeff, sa_flags=0x10000004
SIGILL: [libjvm.so+0x6975c0], sa_mask[0]=0x7ffbfeff, sa_flags=0x10000004
SIGUSR1: SIG_DFL, sa_mask[0]=0x00000000, sa_flags=0x00000000
SIGUSR2: [libjvm.so+0x697720], sa_mask[0]=0x00000004, sa_flags=0x10000004
SIGHUP: [libjvm.so+0x697680], sa_mask[0]=0x7ffbfeff, sa_flags=0x10000004
SIGINT: [libjvm.so+0x697680], sa_mask[0]=0x7ffbfeff, sa_flags=0x10000004
SIGTERM: [libjvm.so+0x697680], sa_mask[0]=0x7ffbfeff, sa_flags=0x10000004
SIGQUIT: [libjvm.so+0x697680], sa_mask[0]=0x7ffbfeff, sa_flags=0x10000004
SIGTRAP: SIG_DFL, sa_mask[0]=0x00000000, sa_flags=0x00000000


---------------  S Y S T E M  ---------------

OS:Ubuntu 14.04 (trusty)
uname:Linux 4.4.0-135-generic #161~14.04.1-Ubuntu SMP Tue Aug 28 11:19:03 UTC 2018 i686
libc:glibc 2.19 NPTL 2.19 
rlimit: STACK 8192k, CORE 0k, NPROC 15918, NOFILE 4096, AS infinity
load average:0.47 0.64 0.50

/proc/meminfo:
MemTotal:        2061944 kB
MemFree:          123004 kB
MemAvailable:       4392 kB
Buffers:            1152 kB
Cached:            51404 kB
SwapCached:            0 kB
Active:          1336936 kB
Inactive:          35076 kB
Active(anon):    1321080 kB
Inactive(anon):    25024 kB
Active(file):      15856 kB
Inactive(file):    10052 kB
Unevictable:          32 kB
Mlocked:              32 kB
HighTotal:       1183624 kB
HighFree:          15168 kB
LowTotal:         878320 kB
LowFree:          107836 kB
SwapTotal:             0 kB
SwapFree:              0 kB
Dirty:               244 kB
Writeback:             0 kB
AnonPages:       1319816 kB
Mapped:            48804 kB
Shmem:             26320 kB
Slab:              35060 kB
SReclaimable:      13684 kB
SUnreclaim:        21376 kB
KernelStack:        6360 kB
PageTables:        11268 kB
NFS_Unstable:          0 kB
Bounce:                0 kB
WritebackTmp:          0 kB
CommitLimit:     1030972 kB
Committed_AS:    4977388 kB
VmallocTotal:     122880 kB
VmallocUsed:           0 kB
VmallocChunk:          0 kB
AnonHugePages:         0 kB
CmaTotal:              0 kB
CmaFree:               0 kB
HugePages_Total:       0
HugePages_Free:        0
HugePages_Rsvd:        0
HugePages_Surp:        0
Hugepagesize:       2048 kB
DirectMap4k:       40952 kB
DirectMap2M:      872448 kB


CPU:total 2 (initial active 2) (1 cores per cpu, 1 threads per core) family 6 model 58 stepping 9, cmov, cx8, fxsr, mmx, sse, sse2, sse3, ssse3, sse4.1, sse4.2, popcnt, avx, aes, erms, tsc, tscinvbit, tscinv

/proc/cpuinfo:
processor	: 0
vendor_id	: GenuineIntel
cpu family	: 6
model		: 58
model name	: Intel(R) Core(TM) i5-3317U CPU @ 1.70GHz
stepping	: 9
microcode	: 0x1f
cpu MHz		: 1701.000
cache size	: 3072 KB
physical id	: 0
siblings	: 1
core id		: 0
cpu cores	: 1
apicid		: 0
initial apicid	: 0
fdiv_bug	: no
f00f_bug	: no
coma_bug	: no
fpu		: yes
fpu_exception	: yes
cpuid level	: 13
wp		: yes
flags		: fpu vme de pse tsc msr pae mce cx8 apic sep mtrr pge mca cmov pat pse36 clflush mmx fxsr sse sse2 ss nx rdtscp lm constant_tsc arch_perfmon xtopology tsc_reliable nonstop_tsc pni pclmulqdq ssse3 cx16 sse4_1 sse4_2 x2apic popcnt tsc_deadline_timer aes xsave avx f16c rdrand hypervisor lahf_lm fsgsbase tsc_adjust smep arat
bugs		: cpu_meltdown spectre_v1 spectre_v2 spec_store_bypass l1tf
bogomips	: 3402.00
clflush size	: 64
cache_alignment	: 64
address sizes	: 43 bits physical, 48 bits virtual
power management:

processor	: 1
vendor_id	: GenuineIntel
cpu family	: 6
model		: 58
model name	: Intel(R) Core(TM) i5-3317U CPU @ 1.70GHz
stepping	: 9
microcode	: 0x1f
cpu MHz		: 1701.000
cache size	: 3072 KB
physical id	: 2
siblings	: 1
core id		: 0
cpu cores	: 1
apicid		: 2
initial apicid	: 2
fdiv_bug	: no
f00f_bug	: no
coma_bug	: no
fpu		: yes
fpu_exception	: yes
cpuid level	: 13
wp		: yes
flags		: fpu vme de pse tsc msr pae mce cx8 apic sep mtrr pge mca cmov pat pse36 clflush mmx fxsr sse sse2 ss nx rdtscp lm constant_tsc arch_perfmon xtopology tsc_reliable nonstop_tsc pni pclmulqdq ssse3 cx16 sse4_1 sse4_2 x2apic popcnt tsc_deadline_timer aes xsave avx f16c rdrand hypervisor lahf_lm fsgsbase tsc_adjust smep arat
bugs		: cpu_meltdown spectre_v1 spectre_v2 spec_store_bypass l1tf
bogomips	: 3402.00
clflush size	: 64
cache_alignment	: 64
address sizes	: 43 bits physical, 48 bits virtual
power management:



Memory: 4k page, physical 2061944k(123276k free), swap 0k(0k free)

vm_info: OpenJDK Server VM (24.181-b01) for linux-x86 JRE (1.7.0_181-b01), built on Jul 30 2018 21:30:25 by "buildd" with gcc 4.8.4

time: Thu Jan 17 20:33:06 2019
elapsed time: 7 seconds

