#
# There is insufficient memory for the Java Runtime Environment to continue.
# Native memory allocation (malloc) failed to allocate 33554432 bytes for committing reserved memory.
# Possible reasons:
#   The system is out of physical RAM or swap space
#   In 32 bit mode, the process size limit was hit
# Possible solutions:
#   Reduce memory load on the system
#   Increase physical memory or swap space
#   Check if swap backing store is full
#   Use 64 bit Java on a 64 bit OS
#   Decrease Java heap size (-Xmx/-Xms)
#   Decrease number of Java threads
#   Decrease Java thread stack sizes (-Xss)
#   Set larger code cache with -XX:ReservedCodeCacheSize=
# This output file may be truncated or incomplete.
#
#  Out of Memory Error (os_linux.cpp:2826), pid=12683, tid=2303494976
#
# JRE version: OpenJDK Runtime Environment (7.0_181-b01) (build 1.7.0_181-b01)
# Java VM: OpenJDK Server VM (24.181-b01 mixed mode linux-x86 )
# Derivative: IcedTea 2.6.14
# Distribution: Ubuntu 14.04 LTS, package 7u181-2.6.14-0ubuntu0.2
# Failed to write core dump. Core dumps have been disabled. To enable core dumping, try "ulimit -c unlimited" before starting Java again
#

---------------  T H R E A D  ---------------

Current thread (0x89310400):  VMThread [stack: 0x89448000,0x894c9000] [id=12692]

Stack: [0x89448000,0x894c9000]
VM_Operation (0x885090b8): ParallelGCFailedAllocation, mode: safepoint, requested by thread 0x8ad36800


---------------  P R O C E S S  ---------------

Java Threads: ( => current thread )
  0xb6407800 JavaThread "DestroyJavaVM" [_thread_blocked, id=12689, stack(0xb6557000,0xb65a8000)]
  0x8ad36800 JavaThread "AWT-EventQueue-0" [_thread_blocked, id=12705, stack(0x884ba000,0x8850b000)]
  0x88663400 JavaThread "AWT-Shutdown" [_thread_blocked, id=12704, stack(0x8855e000,0x885af000)]
  0x8862e800 JavaThread "AWT-XAWT" daemon [_thread_blocked, id=12702, stack(0x885af000,0x88600000)]
  0x88619400 JavaThread "Java2D Disposer" daemon [_thread_blocked, id=12701, stack(0x88706000,0x88757000)]
  0x8932b800 JavaThread "Service Thread" daemon [_thread_blocked, id=12699, stack(0x88eba000,0x88f0b000)]
  0x89329c00 JavaThread "C2 CompilerThread1" daemon [_thread_blocked, id=12698, stack(0x88f0b000,0x88f8c000)]
  0x89327c00 JavaThread "C2 CompilerThread0" daemon [_thread_blocked, id=12697, stack(0x88f8c000,0x8900d000)]
  0x89326000 JavaThread "Signal Dispatcher" daemon [_thread_blocked, id=12696, stack(0x8900d000,0x8905e000)]
  0x89314400 JavaThread "Finalizer" daemon [_thread_blocked, id=12694, stack(0x8925e000,0x892af000)]
  0x89312c00 JavaThread "Reference Handler" daemon [_thread_blocked, id=12693, stack(0x892af000,0x89300000)]

Other Threads:
=>0x89310400 VMThread [stack: 0x89448000,0x894c9000] [id=12692]
  0x8932d400 WatcherThread [stack: 0x88e39000,0x88eba000] [id=12700]

VM state:at safepoint (normal execution)

VM Mutex/Monitor currently owned by a thread:  ([mutex/lock_event])
[0xb6404fb8] Threads_lock - owner thread: 0x89310400
[0xb64053c8] Heap_lock - owner thread: 0x8ad36800

Heap
 PSYoungGen      total 34304K, used 735K [0xa8840000, 0xaab40000, 0xb3300000)
  eden space 32768K, 0% used [0xa8840000,0xa8840000,0xaa840000)
  from space 1536K, 47% used [0xaa840000,0xaa8f7f58,0xaa9c0000)
  to   space 1536K, 0% used [0xaa9c0000,0xaa9c0000,0xaab40000)
 ParOldGen       total 21504K, used 1270K [0x93300000, 0x94800000, 0xa8840000)
  object space 21504K, 5% used [0x93300000,0x9343da68,0x94800000)
 PSPermGen       total 16384K, used 6522K [0x8b300000, 0x8c300000, 0x93300000)
  object space 16384K, 39% used [0x8b300000,0x8b95eab0,0x8c300000)

Card table byte_map: [0x8b1bf000,0x8b300000] byte_map_base: 0x8ad65800

Polling page: 0xb7776000

Code Cache  [0xb33cf000, 0xb360f000, 0xb63cf000)
 total_blobs=283 nmethods=60 adapters=177 free_code_cache=48738Kb largest_free_block=49891712

Compilation events (10 events):
Event: 7.158 Thread 0x89329c00 nmethod 55 0xb342ea48 code [0xb342eb40, 0xb342ebd0]
Event: 7.158 Thread 0x89329c00   57             java.util.TreeMap::getEntry (84 bytes)
Event: 7.158 Thread 0x89327c00 nmethod 56 0xb34235c8 code [0xb34236a0, 0xb3423710]
Event: 7.169 Thread 0x89329c00 nmethod 57 0xb342e6c8 code [0xb342e7c0, 0xb342e8f0]
Event: 7.201 Thread 0x89327c00   58             sun.java2d.x11.X11Renderer::validate (29 bytes)
Event: 7.207 Thread 0x89327c00 nmethod 58 0xb3438508 code [0xb3438640, 0xb3438924]
Event: 7.265 Thread 0x89329c00   59             sun.util.logging.PlatformLogger::isLoggable (38 bytes)
Event: 7.279 Thread 0x89329c00 nmethod 59 0xb3438108 code [0xb3438220, 0xb3438350]
Event: 8.081 Thread 0x89327c00   60             Triangle::<init> (106 bytes)
Event: 8.086 Thread 0x89327c00 nmethod 60 0xb3437ac8 code [0xb3437bc0, 0xb3437e90]

GC Heap History (10 events):
Event: 2.667 GC heap after
Heap after GC invocations=2 (full 0):
 PSYoungGen      total 9472K, used 1273K [0xa8840000, 0xa9ac0000, 0xb3300000)
  eden space 8192K, 0% used [0xa8840000,0xa8840000,0xa9040000)
  from space 1280K, 99% used [0xa9180000,0xa92be458,0xa92c0000)
  to   space 1280K, 0% used [0xa9040000,0xa9040000,0xa9180000)
 ParOldGen       total 21504K, used 0K [0x93300000, 0x94800000, 0xa8840000)
  object space 21504K, 0% used [0x93300000,0x93300000,0x94800000)
 PSPermGen       total 16384K, used 6451K [0x8b300000, 0x8c300000, 0x93300000)
  object space 16384K, 39% used [0x8b300000,0x8b94ced8,0x8c300000)
}
Event: 2.674 GC heap before
{Heap before GC invocations=3 (full 0):
 PSYoungGen      total 9472K, used 9465K [0xa8840000, 0xa9ac0000, 0xb3300000)
  eden space 8192K, 100% used [0xa8840000,0xa9040000,0xa9040000)
  from space 1280K, 99% used [0xa9180000,0xa92be458,0xa92c0000)
  to   space 1280K, 0% used [0xa9040000,0xa9040000,0xa9180000)
 ParOldGen       total 21504K, used 0K [0x93300000, 0x94800000, 0xa8840000)
  object space 21504K, 0% used [0x93300000,0x93300000,0x94800000)
 PSPermGen       total 16384K, used 6452K [0x8b300000, 0x8c300000, 0x93300000)
  object space 16384K, 39% used [0x8b300000,0x8b94d150,0x8c300000)
Event: 2.678 GC heap after
Heap after GC invocations=3 (full 0):
 PSYoungGen      total 9472K, used 1269K [0xa8840000, 0xa9ac0000, 0xb3300000)
  eden space 8192K, 0% used [0xa8840000,0xa8840000,0xa9040000)
  from space 1280K, 99% used [0xa9040000,0xa917d760,0xa9180000)
  to   space 1280K, 0% used [0xa9980000,0xa9980000,0xa9ac0000)
 ParOldGen       total 21504K, used 40K [0x93300000, 0x94800000, 0xa8840000)
  object space 21504K, 0% used [0x93300000,0x9330a160,0x94800000)
 PSPermGen       total 16384K, used 6452K [0x8b300000, 0x8c300000, 0x93300000)
  object space 16384K, 39% used [0x8b300000,0x8b94d150,0x8c300000)
}
Event: 2.682 GC heap before
{Heap before GC invocations=4 (full 0):
 PSYoungGen      total 9472K, used 9451K [0xa8840000, 0xa9ac0000, 0xb3300000)
  eden space 8192K, 99% used [0xa8840000,0xa903d890,0xa9040000)
  from space 1280K, 99% used [0xa9040000,0xa917d760,0xa9180000)
  to   space 1280K, 0% used [0xa9980000,0xa9980000,0xa9ac0000)
 ParOldGen       total 21504K, used 40K [0x93300000, 0x94800000, 0xa8840000)
  object space 21504K, 0% used [0x93300000,0x9330a160,0x94800000)
 PSPermGen       total 16384K, used 6452K [0x8b300000, 0x8c300000, 0x93300000)
  object space 16384K, 39% used [0x8b300000,0x8b94d2b0,0x8c300000)
Event: 2.689 GC heap after
Heap after GC invocations=4 (full 0):
 PSYoungGen      total 17664K, used 1273K [0xa8840000, 0xa9ac0000, 0xb3300000)
  eden space 16384K, 0% used [0xa8840000,0xa8840000,0xa9840000)
  from space 1280K, 99% used [0xa9980000,0xa9abe458,0xa9ac0000)
  to   space 1280K, 0% used [0xa9840000,0xa9840000,0xa9980000)
 ParOldGen       total 21504K, used 84K [0x93300000, 0x94800000, 0xa8840000)
  object space 21504K, 0% used [0x93300000,0x93315160,0x94800000)
 PSPermGen       total 16384K, used 6452K [0x8b300000, 0x8c300000, 0x93300000)
  object space 16384K, 39% used [0x8b300000,0x8b94d2b0,0x8c300000)
}
Event: 2.746 GC heap before
{Heap before GC invocations=5 (full 0):
 PSYoungGen      total 17664K, used 17643K [0xa8840000, 0xa9ac0000, 0xb3300000)
  eden space 16384K, 99% used [0xa8840000,0xa983ca00,0xa9840000)
  from space 1280K, 99% used [0xa9980000,0xa9abe458,0xa9ac0000)
  to   space 1280K, 0% used [0xa9840000,0xa9840000,0xa9980000)
 ParOldGen       total 21504K, used 84K [0x93300000, 0x94800000, 0xa8840000)
  object space 21504K, 0% used [0x93300000,0x93315160,0x94800000)
 PSPermGen       total 16384K, used 6453K [0x8b300000, 0x8c300000, 0x93300000)
  object space 16384K, 39% used [0x8b300000,0x8b94d518,0x8c300000)
Event: 2.755 GC heap after
Heap after GC invocations=5 (full 0):
 PSYoungGen      total 17664K, used 1276K [0xa8840000, 0xaab40000, 0xb3300000)
  eden space 16384K, 0% used [0xa8840000,0xa8840000,0xa9840000)
  from space 1280K, 99% used [0xa9840000,0xa997f388,0xa9980000)
  to   space 1536K, 0% used [0xaa9c0000,0xaa9c0000,0xaab40000)
 ParOldGen       total 21504K, used 144K [0x93300000, 0x94800000, 0xa8840000)
  object space 21504K, 0% used [0x93300000,0x93324160,0x94800000)
 PSPermGen       total 16384K, used 6453K [0x8b300000, 0x8c300000, 0x93300000)
  object space 16384K, 39% used [0x8b300000,0x8b94d518,0x8c300000)
}
Event: 2.764 GC heap before
{Heap before GC invocations=6 (full 0):
 PSYoungGen      total 17664K, used 17652K [0xa8840000, 0xaab40000, 0xb3300000)
  eden space 16384K, 99% used [0xa8840000,0xa983de20,0xa9840000)
  from space 1280K, 99% used [0xa9840000,0xa997f388,0xa9980000)
  to   space 1536K, 0% used [0xaa9c0000,0xaa9c0000,0xaab40000)
 ParOldGen       total 21504K, used 144K [0x93300000, 0x94800000, 0xa8840000)
  object space 21504K, 0% used [0x93300000,0x93324160,0x94800000)
 PSPermGen       total 16384K, used 6453K [0x8b300000, 0x8c300000, 0x93300000)
  object space 16384K, 39% used [0x8b300000,0x8b94d518,0x8c300000)
Event: 2.777 GC heap after
Heap after GC invocations=6 (full 0):
 PSYoungGen      total 34304K, used 1357K [0xa8840000, 0xaab40000, 0xb3300000)
  eden space 32768K, 0% used [0xa8840000,0xa8840000,0xaa840000)
  from space 1536K, 88% used [0xaa9c0000,0xaab137e0,0xaab40000)
  to   space 1536K, 0% used [0xaa840000,0xaa840000,0xaa9c0000)
 ParOldGen       total 21504K, used 144K [0x93300000, 0x94800000, 0xa8840000)
  object space 21504K, 0% used [0x93300000,0x93324160,0x94800000)
 PSPermGen       total 16384K, used 6453K [0x8b300000, 0x8c300000, 0x93300000)
  object space 16384K, 39% used [0x8b300000,0x8b94d518,0x8c300000)
}
Event: 8.105 GC heap before
{Heap before GC invocations=7 (full 0):
 PSYoungGen      total 34304K, used 34125K [0xa8840000, 0xaab40000, 0xb3300000)
  eden space 32768K, 100% used [0xa8840000,0xaa840000,0xaa840000)
  from space 1536K, 88% used [0xaa9c0000,0xaab137e0,0xaab40000)
  to   space 1536K, 0% used [0xaa840000,0xaa840000,0xaa9c0000)
 ParOldGen       total 21504K, used 144K [0x93300000, 0x94800000, 0xa8840000)
  object space 21504K, 0% used [0x93300000,0x93324160,0x94800000)
 PSPermGen       total 16384K, used 6522K [0x8b300000, 0x8c300000, 0x93300000)
  object space 16384K, 39% used [0x8b300000,0x8b95eab0,0x8c300000)

Deoptimization events (10 events):
Event: 4.026 Thread 0x8ad36800 Uncommon trap: reason=class_check action=maybe_recompile pc=0xb3435ef4 method=ComposedShape.draw(Ljava/awt/Graphics;)V @ 22
Event: 4.780 Thread 0x8ad36800 Uncommon trap: reason=class_check action=maybe_recompile pc=0xb3435f14 method=ComposedShape.draw(Ljava/awt/Graphics;)V @ 5
Event: 4.780 Thread 0x8ad36800 Uncommon trap: reason=class_check action=maybe_recompile pc=0xb34330a0 method=sun.java2d.SunGraphics2D.drawPolygon([I[II)V @ 8
Event: 4.894 Thread 0x8ad36800 Uncommon trap: reason=class_check action=maybe_recompile pc=0xb3435f14 method=ComposedShape.draw(Ljava/awt/Graphics;)V @ 5
Event: 4.894 Thread 0x8ad36800 Uncommon trap: reason=class_check action=maybe_recompile pc=0xb34330a0 method=sun.java2d.SunGraphics2D.drawPolygon([I[II)V @ 8
Event: 5.672 Thread 0x8ad36800 Uncommon trap: reason=class_check action=maybe_recompile pc=0xb34330a0 method=sun.java2d.SunGraphics2D.drawPolygon([I[II)V @ 8
Event: 5.716 Thread 0x8ad36800 Uncommon trap: reason=class_check action=maybe_recompile pc=0xb34330a0 method=sun.java2d.SunGraphics2D.drawPolygon([I[II)V @ 8
Event: 5.755 Thread 0x8ad36800 Uncommon trap: reason=class_check action=maybe_recompile pc=0xb3430298 method=sun.java2d.SunGraphics2D.drawPolygon([I[II)V @ 8
Event: 7.198 Thread 0x8ad36800 Uncommon trap: reason=bimorphic action=maybe_recompile pc=0xb34323fc method=ComposedShape.draw(Ljava/awt/Graphics;)V @ 5
Event: 7.243 Thread 0x8ad36800 Uncommon trap: reason=bimorphic action=maybe_recompile pc=0xb34323fc method=ComposedShape.draw(Ljava/awt/Graphics;)V @ 5

Internal exceptions (10 events):
Event: 0.523 Thread 0xb6407800 Threw 0xa88aef10 at /build/openjdk-7-gf28pu/openjdk-7-7u181-2.6.14/build/openjdk/hotspot/src/share/vm/prims/jni.cpp:721
Event: 0.590 Thread 0xb6407800 Threw 0xa88ccf18 at /build/openjdk-7-gf28pu/openjdk-7-7u181-2.6.14/build/openjdk/hotspot/src/share/vm/classfile/systemDictionary.cpp:196
Event: 0.604 Thread 0xb6407800 Threw 0xa88ea290 at /build/openjdk-7-gf28pu/openjdk-7-7u181-2.6.14/build/openjdk/hotspot/src/share/vm/prims/jvm.cpp:1369
Event: 0.604 Thread 0xb6407800 Threw 0xa88ea3a8 at /build/openjdk-7-gf28pu/openjdk-7-7u181-2.6.14/build/openjdk/hotspot/src/share/vm/prims/jvm.cpp:1369
Event: 0.604 Thread 0xb6407800 Threw 0xa88ec820 at /build/openjdk-7-gf28pu/openjdk-7-7u181-2.6.14/build/openjdk/hotspot/src/share/vm/prims/jvm.cpp:1369
Event: 0.604 Thread 0xb6407800 Threw 0xa88ec938 at /build/openjdk-7-gf28pu/openjdk-7-7u181-2.6.14/build/openjdk/hotspot/src/share/vm/prims/jvm.cpp:1369
Event: 0.604 Thread 0xb6407800 Threw 0xa88ed2b0 at /build/openjdk-7-gf28pu/openjdk-7-7u181-2.6.14/build/openjdk/hotspot/src/share/vm/prims/jvm.cpp:1369
Event: 0.604 Thread 0xb6407800 Threw 0xa88ed3c8 at /build/openjdk-7-gf28pu/openjdk-7-7u181-2.6.14/build/openjdk/hotspot/src/share/vm/prims/jvm.cpp:1369
Event: 0.759 Thread 0xb6407800 Threw 0xa89991b8 at /build/openjdk-7-gf28pu/openjdk-7-7u181-2.6.14/build/openjdk/hotspot/src/share/vm/prims/jvm.cpp:1369
Event: 0.764 Thread 0xb6407800 Threw 0xa8a22368 at /build/openjdk-7-gf28pu/openjdk-7-7u181-2.6.14/build/openjdk/hotspot/src/share/vm/prims/jvm.cpp:1369

Events (10 events):
Event: 6.393 Executing VM operation: RevokeBias done
Event: 7.198 Thread 0x8ad36800 Uncommon trap: trap_request=0xffffffc6 fr.pc=0xb34323fc
Event: 7.198 Thread 0x8ad36800 DEOPT PACKING pc=0xb34323fc sp=0x88508d10
Event: 7.198 Thread 0x8ad36800 DEOPT UNPACKING pc=0xb33fbbc8 sp=0x88508cfc mode 2
Event: 7.216 Executing VM operation: RevokeBias
Event: 7.217 Executing VM operation: RevokeBias done
Event: 7.243 Thread 0x8ad36800 Uncommon trap: trap_request=0xffffffc6 fr.pc=0xb34323fc
Event: 7.243 Thread 0x8ad36800 DEOPT PACKING pc=0xb34323fc sp=0x88508d10
Event: 7.243 Thread 0x8ad36800 DEOPT UNPACKING pc=0xb33fbbc8 sp=0x88508cfc mode 2
Event: 8.105 Executing VM operation: ParallelGCFailedAllocation


Dynamic libraries:
08048000-08049000 r-xp 00000000 08:01 279149     /usr/lib/jvm/java-7-openjdk-i386/jre/bin/java
08049000-0804a000 r--p 00000000 08:01 279149     /usr/lib/jvm/java-7-openjdk-i386/jre/bin/java
0804a000-0804b000 rw-p 00001000 08:01 279149     /usr/lib/jvm/java-7-openjdk-i386/jre/bin/java
0857c000-086bb000 rw-p 00000000 00:00 0          [heap]
8848d000-8849e000 r-xp 00000000 08:01 279082     /usr/lib/jvm/java-7-openjdk-i386/jre/lib/i386/libnio.so
8849e000-8849f000 r--p 00010000 08:01 279082     /usr/lib/jvm/java-7-openjdk-i386/jre/lib/i386/libnio.so
8849f000-884a0000 rw-p 00011000 08:01 279082     /usr/lib/jvm/java-7-openjdk-i386/jre/lib/i386/libnio.so
884a0000-884b8000 r-xp 00000000 08:01 279060     /usr/lib/jvm/java-7-openjdk-i386/jre/lib/i386/libnet.so
884b8000-884b9000 r--p 00017000 08:01 279060     /usr/lib/jvm/java-7-openjdk-i386/jre/lib/i386/libnet.so
884b9000-884ba000 rw-p 00018000 08:01 279060     /usr/lib/jvm/java-7-openjdk-i386/jre/lib/i386/libnet.so
884ba000-884bd000 ---p 00000000 00:00 0 
884bd000-8850b000 rw-p 00000000 00:00 0 
8850b000-8855b000 r-xp 00000000 08:01 279065     /usr/lib/jvm/java-7-openjdk-i386/jre/lib/i386/libfontmanager.so
8855b000-8855d000 r--p 0004f000 08:01 279065     /usr/lib/jvm/java-7-openjdk-i386/jre/lib/i386/libfontmanager.so
8855d000-8855e000 rw-p 00051000 08:01 279065     /usr/lib/jvm/java-7-openjdk-i386/jre/lib/i386/libfontmanager.so
8855e000-88561000 ---p 00000000 00:00 0 
88561000-885af000 rw-p 00000000 00:00 0 
885af000-885b2000 ---p 00000000 00:00 0 
885b2000-88600000 rw-p 00000000 00:00 0 
88600000-886cc000 rw-p 00000000 00:00 0 
886cc000-88700000 ---p 00000000 00:00 0 
88700000-88704000 r-xp 00000000 08:01 136825     /usr/lib/i386-linux-gnu/libXfixes.so.3.1.0
88704000-88705000 r--p 00003000 08:01 136825     /usr/lib/i386-linux-gnu/libXfixes.so.3.1.0
88705000-88706000 rw-p 00004000 08:01 136825     /usr/lib/i386-linux-gnu/libXfixes.so.3.1.0
88706000-88709000 ---p 00000000 00:00 0 
88709000-88757000 rw-p 00000000 00:00 0 
88757000-88793000 r-xp 00000000 08:01 656778     /lib/i386-linux-gnu/libpcre.so.3.13.1
88793000-88794000 r--p 0003b000 08:01 656778     /lib/i386-linux-gnu/libpcre.so.3.13.1
88794000-88795000 rw-p 0003c000 08:01 656778     /lib/i386-linux-gnu/libpcre.so.3.13.1
88795000-887bb000 r-xp 00000000 08:01 656840     /lib/i386-linux-gnu/libpng12.so.0.50.0
887bb000-887bc000 r--p 00025000 08:01 656840     /lib/i386-linux-gnu/libpng12.so.0.50.0
887bc000-887bd000 rw-p 00026000 08:01 656840     /lib/i386-linux-gnu/libpng12.so.0.50.0
887bd000-887d0000 r-xp 00000000 08:01 675166     /lib/i386-linux-gnu/libresolv-2.19.so
887d0000-887d1000 ---p 00013000 08:01 675166     /lib/i386-linux-gnu/libresolv-2.19.so
887d1000-887d2000 r--p 00013000 08:01 675166     /lib/i386-linux-gnu/libresolv-2.19.so
887d2000-887d3000 rw-p 00014000 08:01 675166     /lib/i386-linux-gnu/libresolv-2.19.so
887d3000-887d5000 rw-p 00000000 00:00 0 
887d5000-887f5000 r-xp 00000000 08:01 656805     /lib/i386-linux-gnu/libselinux.so.1
887f5000-887f6000 r--p 0001f000 08:01 656805     /lib/i386-linux-gnu/libselinux.so.1
887f6000-887f7000 rw-p 00020000 08:01 656805     /lib/i386-linux-gnu/libselinux.so.1
887f7000-887f8000 rw-p 00000000 00:00 0 
887f8000-88902000 r-xp 00000000 08:01 674749     /lib/i386-linux-gnu/libglib-2.0.so.0.4002.0
88902000-88903000 r--p 00109000 08:01 674749     /lib/i386-linux-gnu/libglib-2.0.so.0.4002.0
88903000-88904000 rw-p 0010a000 08:01 674749     /lib/i386-linux-gnu/libglib-2.0.so.0.4002.0
88904000-88929000 r-xp 00000000 08:01 674178     /lib/i386-linux-gnu/libexpat.so.1.6.0
88929000-8892a000 ---p 00025000 08:01 674178     /lib/i386-linux-gnu/libexpat.so.1.6.0
8892a000-8892c000 r--p 00025000 08:01 674178     /lib/i386-linux-gnu/libexpat.so.1.6.0
8892c000-8892d000 rw-p 00027000 08:01 674178     /lib/i386-linux-gnu/libexpat.so.1.6.0
8892d000-889c8000 r-xp 00000000 08:01 137115     /usr/lib/i386-linux-gnu/libfreetype.so.6.11.1
889c8000-889cc000 r--p 0009a000 08:01 137115     /usr/lib/i386-linux-gnu/libfreetype.so.6.11.1
889cc000-889cd000 rw-p 0009e000 08:01 137115     /usr/lib/i386-linux-gnu/libfreetype.so.6.11.1
889cd000-889ed000 r-xp 00000000 08:01 137881     /usr/lib/i386-linux-gnu/libxcb.so.1.1.0
889ed000-889ee000 r--p 0001f000 08:01 137881     /usr/lib/i386-linux-gnu/libxcb.so.1.1.0
889ee000-889ef000 rw-p 00020000 08:01 137881     /usr/lib/i386-linux-gnu/libxcb.so.1.1.0
889ef000-88a3f000 r-xp 00000000 08:01 131892     /usr/lib/i386-linux-gnu/libgobject-2.0.so.0.4002.0
88a3f000-88a40000 r--p 0004f000 08:01 131892     /usr/lib/i386-linux-gnu/libgobject-2.0.so.0.4002.0
88a40000-88a41000 rw-p 00050000 08:01 131892     /usr/lib/i386-linux-gnu/libgobject-2.0.so.0.4002.0
88a41000-88bbe000 r-xp 00000000 08:01 131871     /usr/lib/i386-linux-gnu/libgio-2.0.so.0.4002.0
88bbe000-88bbf000 ---p 0017d000 08:01 131871     /usr/lib/i386-linux-gnu/libgio-2.0.so.0.4002.0
88bbf000-88bc1000 r--p 0017d000 08:01 131871     /usr/lib/i386-linux-gnu/libgio-2.0.so.0.4002.0
88bc1000-88bc2000 rw-p 0017f000 08:01 131871     /usr/lib/i386-linux-gnu/libgio-2.0.so.0.4002.0
88bc2000-88bc3000 rw-p 00000000 00:00 0 
88bc3000-88bfc000 r-xp 00000000 08:01 137433     /usr/lib/i386-linux-gnu/libfontconfig.so.1.8.0
88bfc000-88bfd000 r--p 00039000 08:01 137433     /usr/lib/i386-linux-gnu/libfontconfig.so.1.8.0
88bfd000-88bfe000 rw-p 0003a000 08:01 137433     /usr/lib/i386-linux-gnu/libfontconfig.so.1.8.0
88bfe000-88d2e000 r-xp 00000000 08:01 132186     /usr/lib/i386-linux-gnu/libX11.so.6.3.0
88d2e000-88d2f000 r--p 00130000 08:01 132186     /usr/lib/i386-linux-gnu/libX11.so.6.3.0
88d2f000-88d31000 rw-p 00131000 08:01 132186     /usr/lib/i386-linux-gnu/libX11.so.6.3.0
88d31000-88d32000 rw-p 00000000 00:00 0 
88d32000-88d7a000 r-xp 00000000 08:01 279279     /usr/lib/jvm/java-7-openjdk-i386/jre/lib/i386/xawt/libmawt.so
88d7a000-88d7b000 r--p 00048000 08:01 279279     /usr/lib/jvm/java-7-openjdk-i386/jre/lib/i386/xawt/libmawt.so
88d7b000-88d7d000 rw-p 00049000 08:01 279279     /usr/lib/jvm/java-7-openjdk-i386/jre/lib/i386/xawt/libmawt.so
88d7d000-88d7e000 rw-p 00000000 00:00 0 
88d7e000-88e0d000 r-xp 00000000 08:01 279091     /usr/lib/jvm/java-7-openjdk-i386/jre/lib/i386/libawt.so
88e0d000-88e0e000 r--p 0008e000 08:01 279091     /usr/lib/jvm/java-7-openjdk-i386/jre/lib/i386/libawt.so
88e0e000-88e15000 rw-p 0008f000 08:01 279091     /usr/lib/jvm/java-7-openjdk-i386/jre/lib/i386/libawt.so
88e15000-88e39000 rw-p 00000000 00:00 0 
88e39000-88e3a000 ---p 00000000 00:00 0 
88e3a000-88eba000 rw-p 00000000 00:00 0 
88eba000-88ebd000 ---p 00000000 00:00 0 
88ebd000-88f0b000 rw-p 00000000 00:00 0 
88f0b000-88f0e000 ---p 00000000 00:00 0 
88f0e000-88f8c000 rw-p 00000000 00:00 0 
88f8c000-88f8f000 ---p 00000000 00:00 0 
88f8f000-8900d000 rw-p 00000000 00:00 0 
8900d000-89010000 ---p 00000000 00:00 0 
89010000-8905e000 rw-p 00000000 00:00 0 
8905e000-8925e000 r--p 00000000 08:01 141837     /usr/lib/locale/locale-archive
8925e000-89261000 ---p 00000000 00:00 0 
89261000-892af000 rw-p 00000000 00:00 0 
892af000-892b2000 ---p 00000000 00:00 0 
892b2000-89300000 rw-p 00000000 00:00 0 
89300000-893fe000 rw-p 00000000 00:00 0 
893fe000-89400000 ---p 00000000 00:00 0 
89402000-89407000 r-xp 00000000 08:01 136821     /usr/lib/i386-linux-gnu/libXdmcp.so.6.0.0
89407000-89408000 r--p 00004000 08:01 136821     /usr/lib/i386-linux-gnu/libXdmcp.so.6.0.0
89408000-89409000 rw-p 00005000 08:01 136821     /usr/lib/i386-linux-gnu/libXdmcp.so.6.0.0
89409000-8940b000 r-xp 00000000 08:01 136810     /usr/lib/i386-linux-gnu/libXau.so.6.0.0
8940b000-8940c000 r--p 00001000 08:01 136810     /usr/lib/i386-linux-gnu/libXau.so.6.0.0
8940c000-8940d000 rw-p 00002000 08:01 136810     /usr/lib/i386-linux-gnu/libXau.so.6.0.0
8940d000-89413000 r-xp 00000000 08:01 131796     /usr/lib/i386-linux-gnu/libffi.so.6.0.1
89413000-89414000 r--p 00005000 08:01 131796     /usr/lib/i386-linux-gnu/libffi.so.6.0.1
89414000-89415000 rw-p 00006000 08:01 131796     /usr/lib/i386-linux-gnu/libffi.so.6.0.1
89415000-89418000 r-xp 00000000 08:01 131889     /usr/lib/i386-linux-gnu/libgmodule-2.0.so.0.4002.0
89418000-89419000 r--p 00002000 08:01 131889     /usr/lib/i386-linux-gnu/libgmodule-2.0.so.0.4002.0
89419000-8941a000 rw-p 00003000 08:01 131889     /usr/lib/i386-linux-gnu/libgmodule-2.0.so.0.4002.0
8941a000-89428000 r-xp 00000000 08:01 136831     /usr/lib/i386-linux-gnu/libXi.so.6.1.0
89428000-89429000 r--p 0000e000 08:01 136831     /usr/lib/i386-linux-gnu/libXi.so.6.1.0
89429000-8942a000 rw-p 0000f000 08:01 136831     /usr/lib/i386-linux-gnu/libXi.so.6.1.0
8942a000-8942f000 r-xp 00000000 08:01 136851     /usr/lib/i386-linux-gnu/libXtst.so.6.1.0
8942f000-89430000 r--p 00004000 08:01 136851     /usr/lib/i386-linux-gnu/libXtst.so.6.1.0
89430000-89431000 rw-p 00005000 08:01 136851     /usr/lib/i386-linux-gnu/libXtst.so.6.1.0
89431000-89433000 r-xp 00000000 08:01 136815     /usr/lib/i386-linux-gnu/libXcomposite.so.1.0.0
89433000-89434000 r--p 00001000 08:01 136815     /usr/lib/i386-linux-gnu/libXcomposite.so.1.0.0
89434000-89435000 rw-p 00002000 08:01 136815     /usr/lib/i386-linux-gnu/libXcomposite.so.1.0.0
89435000-89446000 r-xp 00000000 08:01 136823     /usr/lib/i386-linux-gnu/libXext.so.6.4.0
89446000-89447000 r--p 00010000 08:01 136823     /usr/lib/i386-linux-gnu/libXext.so.6.4.0
89447000-89448000 rw-p 00011000 08:01 136823     /usr/lib/i386-linux-gnu/libXext.so.6.4.0
89448000-89449000 ---p 00000000 00:00 0 
89449000-894c9000 rw-p 00000000 00:00 0 
894c9000-89680000 r--s 01d7c000 08:01 279096     /usr/lib/jvm/java-7-openjdk-i386/jre/lib/rt.jar
89680000-8ad00000 rw-p 00000000 00:00 0 
8ad00000-8adf3000 rw-p 00000000 00:00 0 
8adf3000-8ae00000 ---p 00000000 00:00 0 
8ae01000-8ae0a000 r-xp 00000000 08:01 136845     /usr/lib/i386-linux-gnu/libXrender.so.1.3.0
8ae0a000-8ae0b000 r--p 00008000 08:01 136845     /usr/lib/i386-linux-gnu/libXrender.so.1.3.0
8ae0b000-8ae0c000 rw-p 00009000 08:01 136845     /usr/lib/i386-linux-gnu/libXrender.so.1.3.0
8ae0c000-8ae15000 r-xp 00000000 08:01 137829     /usr/lib/i386-linux-gnu/libXcursor.so.1.0.2
8ae15000-8ae16000 r--p 00008000 08:01 137829     /usr/lib/i386-linux-gnu/libXcursor.so.1.0.2
8ae16000-8ae17000 rw-p 00009000 08:01 137829     /usr/lib/i386-linux-gnu/libXcursor.so.1.0.2
8ae17000-8ae21000 r--s 000b0000 08:01 279097     /usr/lib/jvm/java-7-openjdk-i386/jre/lib/resources.jar
8ae21000-8ae24000 r--s 0000f000 08:01 279103     /usr/lib/jvm/java-7-openjdk-i386/jre/lib/ext/icedtea-sound.jar
8ae24000-8ae7f000 rw-p 00000000 00:00 0 
8ae7f000-8ae80000 ---p 00000000 00:00 0 
8ae80000-8af00000 rw-p 00000000 00:00 0 
8af00000-8af21000 rw-p 00000000 00:00 0 
8af21000-8b000000 ---p 00000000 00:00 0 
8b001000-8b005000 r--s 00036000 08:01 279108     /usr/lib/jvm/java-7-openjdk-i386/jre/lib/ext/sunjce_provider.jar
8b005000-8b009000 r--s 0003d000 08:01 279104     /usr/lib/jvm/java-7-openjdk-i386/jre/lib/ext/sunpkcs11.jar
8b009000-8b053000 rw-p 00000000 00:00 0 
8b053000-8b054000 ---p 00000000 00:00 0 
8b054000-8b0dc000 rw-p 00000000 00:00 0 
8b0dc000-8b114000 rw-p 00000000 00:00 0 
8b114000-8b11f000 rw-p 00000000 00:00 0 
8b11f000-8b1bf000 rw-p 00000000 00:00 0 
8b1bf000-8b1c7000 rw-p 00000000 00:00 0 
8b1c7000-8b1ff000 rw-p 00000000 00:00 0 
8b1ff000-8b20a000 rw-p 00000000 00:00 0 
8b20a000-8b2a9000 rw-p 00000000 00:00 0 
8b2a9000-8b2bc000 rw-p 00000000 00:00 0 
8b2bc000-8b2ff000 rw-p 00000000 00:00 0 
8b2ff000-8c300000 rw-p 00000000 00:00 0 
8c300000-93300000 rw-p 00000000 00:00 0 
93300000-94800000 rw-p 00000000 00:00 0 
94800000-a8840000 rw-p 00000000 00:00 0 
a8840000-aab40000 rw-p 00000000 00:00 0 
acb40000-b3300000 rw-p 00000000 00:00 0 
b3300000-b3318000 rw-p 00000000 00:00 0 
b3318000-b33cf000 rw-p 00000000 00:00 0 
b33cf000-b360f000 rwxp 00000000 00:00 0 
b360f000-b63cf000 rw-p 00000000 00:00 0 
b63cf000-b63d9000 r-xp 00000000 08:01 674751     /lib/i386-linux-gnu/libnss_files-2.19.so
b63d9000-b63da000 r--p 00009000 08:01 674751     /lib/i386-linux-gnu/libnss_files-2.19.so
b63da000-b63db000 rw-p 0000a000 08:01 674751     /lib/i386-linux-gnu/libnss_files-2.19.so
b63db000-b63e5000 r-xp 00000000 08:01 675412     /lib/i386-linux-gnu/libnss_nis-2.19.so
b63e5000-b63e6000 r--p 00009000 08:01 675412     /lib/i386-linux-gnu/libnss_nis-2.19.so
b63e6000-b63e7000 rw-p 0000a000 08:01 675412     /lib/i386-linux-gnu/libnss_nis-2.19.so
b63e7000-b63fc000 r-xp 00000000 08:01 678759     /lib/i386-linux-gnu/libnsl-2.19.so
b63fc000-b63fd000 r--p 00015000 08:01 678759     /lib/i386-linux-gnu/libnsl-2.19.so
b63fd000-b63fe000 rw-p 00016000 08:01 678759     /lib/i386-linux-gnu/libnsl-2.19.so
b63fe000-b6400000 rw-p 00000000 00:00 0 
b6400000-b64fe000 rw-p 00000000 00:00 0 
b64fe000-b6500000 ---p 00000000 00:00 0 
b6501000-b6503000 r--s 00012000 08:01 279106     /usr/lib/jvm/java-7-openjdk-i386/jre/lib/ext/zipfs.jar
b6503000-b6507000 r--s 00085000 08:01 279107     /usr/lib/jvm/java-7-openjdk-i386/jre/lib/ext/localedata.jar
b6507000-b650e000 r-xp 00000000 08:01 675588     /lib/i386-linux-gnu/libnss_compat-2.19.so
b650e000-b650f000 r--p 00006000 08:01 675588     /lib/i386-linux-gnu/libnss_compat-2.19.so
b650f000-b6510000 rw-p 00007000 08:01 675588     /lib/i386-linux-gnu/libnss_compat-2.19.so
b6511000-b6513000 r--s 00006000 08:01 414422     /usr/share/java/java-atk-wrapper.jar
b6513000-b651b000 r-xp 00000000 08:01 279075     /usr/lib/jvm/java-7-openjdk-i386/jre/lib/i386/libzip.so
b651b000-b651c000 r--p 00007000 08:01 279075     /usr/lib/jvm/java-7-openjdk-i386/jre/lib/i386/libzip.so
b651c000-b651d000 rw-p 00008000 08:01 279075     /usr/lib/jvm/java-7-openjdk-i386/jre/lib/i386/libzip.so
b651d000-b6525000 rw-s 00000000 08:01 688426     /tmp/hsperfdata_gtucpp/12683
b6525000-b654c000 r-xp 00000000 08:01 279094     /usr/lib/jvm/java-7-openjdk-i386/jre/lib/i386/libjava.so
b654c000-b654d000 r--p 00026000 08:01 279094     /usr/lib/jvm/java-7-openjdk-i386/jre/lib/i386/libjava.so
b654d000-b654e000 rw-p 00027000 08:01 279094     /usr/lib/jvm/java-7-openjdk-i386/jre/lib/i386/libjava.so
b654e000-b6555000 r-xp 00000000 08:01 678730     /lib/i386-linux-gnu/librt-2.19.so
b6555000-b6556000 r--p 00006000 08:01 678730     /lib/i386-linux-gnu/librt-2.19.so
b6556000-b6557000 rw-p 00007000 08:01 678730     /lib/i386-linux-gnu/librt-2.19.so
b6557000-b655a000 ---p 00000000 00:00 0 
b655a000-b65a8000 rw-p 00000000 00:00 0 
b65a8000-b65c4000 r-xp 00000000 08:01 656702     /lib/i386-linux-gnu/libgcc_s.so.1
b65c4000-b65c5000 rw-p 0001b000 08:01 656702     /lib/i386-linux-gnu/libgcc_s.so.1
b65c5000-b6609000 r-xp 00000000 08:01 678723     /lib/i386-linux-gnu/libm-2.19.so
b6609000-b660a000 r--p 00043000 08:01 678723     /lib/i386-linux-gnu/libm-2.19.so
b660a000-b660b000 rw-p 00044000 08:01 678723     /lib/i386-linux-gnu/libm-2.19.so
b660b000-b66e7000 r-xp 00000000 08:01 131527     /usr/lib/i386-linux-gnu/libstdc++.so.6.0.19
b66e7000-b66eb000 r--p 000dc000 08:01 131527     /usr/lib/i386-linux-gnu/libstdc++.so.6.0.19
b66eb000-b66ec000 rw-p 000e0000 08:01 131527     /usr/lib/i386-linux-gnu/libstdc++.so.6.0.19
b66ec000-b66f3000 rw-p 00000000 00:00 0 
b66f3000-b70ff000 r-xp 00000000 08:01 279055     /usr/lib/jvm/java-7-openjdk-i386/jre/lib/i386/server/libjvm.so
b70ff000-b7152000 r--p 00a0b000 08:01 279055     /usr/lib/jvm/java-7-openjdk-i386/jre/lib/i386/server/libjvm.so
b7152000-b7166000 rw-p 00a5e000 08:01 279055     /usr/lib/jvm/java-7-openjdk-i386/jre/lib/i386/server/libjvm.so
b7166000-b7585000 rw-p 00000000 00:00 0 
b7585000-b759d000 r-xp 00000000 08:01 656653     /lib/i386-linux-gnu/libz.so.1.2.8
b759d000-b759e000 r--p 00017000 08:01 656653     /lib/i386-linux-gnu/libz.so.1.2.8
b759e000-b759f000 rw-p 00018000 08:01 656653     /lib/i386-linux-gnu/libz.so.1.2.8
b759f000-b75b7000 r-xp 00000000 08:01 678729     /lib/i386-linux-gnu/libpthread-2.19.so
b75b7000-b75b8000 r--p 00018000 08:01 678729     /lib/i386-linux-gnu/libpthread-2.19.so
b75b8000-b75b9000 rw-p 00019000 08:01 678729     /lib/i386-linux-gnu/libpthread-2.19.so
b75b9000-b75bb000 rw-p 00000000 00:00 0 
b75bb000-b75be000 r-xp 00000000 08:01 678771     /lib/i386-linux-gnu/libdl-2.19.so
b75be000-b75bf000 r--p 00002000 08:01 678771     /lib/i386-linux-gnu/libdl-2.19.so
b75bf000-b75c0000 rw-p 00003000 08:01 678771     /lib/i386-linux-gnu/libdl-2.19.so
b75c0000-b75c1000 rw-p 00000000 00:00 0 
b75c1000-b776c000 r-xp 00000000 08:01 678873     /lib/i386-linux-gnu/libc-2.19.so
b776c000-b776e000 r--p 001aa000 08:01 678873     /lib/i386-linux-gnu/libc-2.19.so
b776e000-b776f000 rw-p 001ac000 08:01 678873     /lib/i386-linux-gnu/libc-2.19.so
b776f000-b7772000 rw-p 00000000 00:00 0 
b7773000-b7774000 r--s 00002000 08:01 279105     /usr/lib/jvm/java-7-openjdk-i386/jre/lib/ext/dnsns.jar
b7774000-b7775000 r--p 00855000 08:01 141837     /usr/lib/locale/locale-archive
b7775000-b7776000 rw-p 00000000 00:00 0 
b7776000-b7777000 ---p 00000000 00:00 0 
b7777000-b7785000 r-xp 00000000 08:01 279080     /usr/lib/jvm/java-7-openjdk-i386/jre/lib/i386/libverify.so
b7785000-b7786000 r--p 0000d000 08:01 279080     /usr/lib/jvm/java-7-openjdk-i386/jre/lib/i386/libverify.so
b7786000-b7787000 rw-p 0000e000 08:01 279080     /usr/lib/jvm/java-7-openjdk-i386/jre/lib/i386/libverify.so
b7787000-b7793000 r-xp 00000000 08:01 279077     /usr/lib/jvm/java-7-openjdk-i386/jre/lib/i386/jli/libjli.so
b7793000-b7794000 r--p 0000c000 08:01 279077     /usr/lib/jvm/java-7-openjdk-i386/jre/lib/i386/jli/libjli.so
b7794000-b7795000 rw-p 0000d000 08:01 279077     /usr/lib/jvm/java-7-openjdk-i386/jre/lib/i386/jli/libjli.so
b7795000-b7796000 rw-p 00000000 00:00 0 
b7796000-b7799000 r--p 00000000 00:00 0          [vvar]
b7799000-b779b000 r-xp 00000000 00:00 0          [vdso]
b779b000-b77bb000 r-xp 00000000 08:01 678726     /lib/i386-linux-gnu/ld-2.19.so
b77bb000-b77bc000 r--p 0001f000 08:01 678726     /lib/i386-linux-gnu/ld-2.19.so
b77bc000-b77bd000 rw-p 00020000 08:01 678726     /lib/i386-linux-gnu/ld-2.19.so
bfe7a000-bfe7b000 rwxp 00000000 00:00 0 
bffad000-bffce000 rw-p 00000000 00:00 0          [stack]

VM Arguments:
jvm_args: -Dfile.encoding=UTF-8 
java_command: TestShape
Launcher Type: SUN_STANDARD

Environment Variables:
PATH=/usr/local/sbin:/usr/local/bin:/usr/sbin:/usr/bin:/sbin:/bin:/usr/games:/usr/local/games
LD_LIBRARY_PATH=/usr/lib/jvm/java-7-openjdk-i386/jre/lib/i386/server:/usr/lib/jvm/java-7-openjdk-i386/jre/lib/i386:/usr/lib/jvm/java-7-openjdk-i386/jre/../lib/i386:/usr/lib/jvm/java-7-openjdk-i386/jre/lib/i386/client:/usr/lib/jvm/java-7-openjdk-i386/jre/lib/i386:
SHELL=/bin/bash
DISPLAY=:0

Signal Handlers:
SIGSEGV: [libjvm.so+0x825430], sa_mask[0]=0x7ffbfeff, sa_flags=0x10000004
SIGBUS: [libjvm.so+0x825430], sa_mask[0]=0x7ffbfeff, sa_flags=0x10000004
SIGFPE: [libjvm.so+0x6975c0], sa_mask[0]=0x7ffbfeff, sa_flags=0x10000004
SIGPIPE: [libjvm.so+0x6975c0], sa_mask[0]=0x7ffbfeff, sa_flags=0x10000004
SIGXFSZ: [libjvm.so+0x6975c0], sa_mask[0]=0x7ffbfeff, sa_flags=0x10000004
SIGILL: [libjvm.so+0x6975c0], sa_mask[0]=0x7ffbfeff, sa_flags=0x10000004
SIGUSR1: SIG_DFL, sa_mask[0]=0x00000000, sa_flags=0x00000000
SIGUSR2: [libjvm.so+0x697720], sa_mask[0]=0x00000004, sa_flags=0x10000004
SIGHUP: [libjvm.so+0x697680], sa_mask[0]=0x7ffbfeff, sa_flags=0x10000004
SIGINT: [libjvm.so+0x697680], sa_mask[0]=0x7ffbfeff, sa_flags=0x10000004
SIGTERM: [libjvm.so+0x697680], sa_mask[0]=0x7ffbfeff, sa_flags=0x10000004
SIGQUIT: [libjvm.so+0x697680], sa_mask[0]=0x7ffbfeff, sa_flags=0x10000004
SIGTRAP: SIG_DFL, sa_mask[0]=0x00000000, sa_flags=0x00000000


---------------  S Y S T E M  ---------------

OS:Ubuntu 14.04 (trusty)
uname:Linux 4.4.0-135-generic #161~14.04.1-Ubuntu SMP Tue Aug 28 11:19:03 UTC 2018 i686
libc:glibc 2.19 NPTL 2.19 
rlimit: STACK 8192k, CORE 0k, NPROC 15918, NOFILE 4096, AS infinity
load average:1.81 0.82 0.60

/proc/meminfo:
MemTotal:        2061944 kB
MemFree:          112716 kB
MemAvailable:          0 kB
Buffers:             436 kB
Cached:            47684 kB
SwapCached:            0 kB
Active:          1329748 kB
Inactive:          32208 kB
Active(anon):    1315364 kB
Inactive(anon):    25028 kB
Active(file):      14384 kB
Inactive(file):     7180 kB
Unevictable:          32 kB
Mlocked:              32 kB
HighTotal:       1183624 kB
HighFree:          14392 kB
LowTotal:         878320 kB
LowFree:           98324 kB
SwapTotal:             0 kB
SwapFree:              0 kB
Dirty:               260 kB
Writeback:             0 kB
AnonPages:       1314096 kB
Mapped:            45580 kB
Shmem:             26328 kB
Slab:              34820 kB
SReclaimable:      13364 kB
SUnreclaim:        21456 kB
KernelStack:        5936 kB
PageTables:        11060 kB
NFS_Unstable:          0 kB
Bounce:                0 kB
WritebackTmp:          0 kB
CommitLimit:     1030972 kB
Committed_AS:    4846176 kB
VmallocTotal:     122880 kB
VmallocUsed:           0 kB
VmallocChunk:          0 kB
AnonHugePages:         0 kB
CmaTotal:              0 kB
CmaFree:               0 kB
HugePages_Total:       0
HugePages_Free:        0
HugePages_Rsvd:        0
HugePages_Surp:        0
Hugepagesize:       2048 kB
DirectMap4k:       40952 kB
DirectMap2M:      872448 kB


CPU:total 2 (initial active 2) (1 cores per cpu, 1 threads per core) family 6 model 58 stepping 9, cmov, cx8, fxsr, mmx, sse, sse2, sse3, ssse3, sse4.1, sse4.2, popcnt, avx, aes, erms, tsc, tscinvbit, tscinv

/proc/cpuinfo:
processor	: 0
vendor_id	: GenuineIntel
cpu family	: 6
model		: 58
model name	: Intel(R) Core(TM) i5-3317U CPU @ 1.70GHz
stepping	: 9
microcode	: 0x1f
cpu MHz		: 1701.000
cache size	: 3072 KB
physical id	: 0
siblings	: 1
core id		: 0
cpu cores	: 1
apicid		: 0
initial apicid	: 0
fdiv_bug	: no
f00f_bug	: no
coma_bug	: no
fpu		: yes
fpu_exception	: yes
cpuid level	: 13
wp		: yes
flags		: fpu vme de pse tsc msr pae mce cx8 apic sep mtrr pge mca cmov pat pse36 clflush mmx fxsr sse sse2 ss nx rdtscp lm constant_tsc arch_perfmon xtopology tsc_reliable nonstop_tsc pni pclmulqdq ssse3 cx16 sse4_1 sse4_2 x2apic popcnt tsc_deadline_timer aes xsave avx f16c rdrand hypervisor lahf_lm fsgsbase tsc_adjust smep arat
bugs		: cpu_meltdown spectre_v1 spectre_v2 spec_store_bypass l1tf
bogomips	: 3402.00
clflush size	: 64
cache_alignment	: 64
address sizes	: 43 bits physical, 48 bits virtual
power management:

processor	: 1
vendor_id	: GenuineIntel
cpu family	: 6
model		: 58
model name	: Intel(R) Core(TM) i5-3317U CPU @ 1.70GHz
stepping	: 9
microcode	: 0x1f
cpu MHz		: 1701.000
cache size	: 3072 KB
physical id	: 2
siblings	: 1
core id		: 0
cpu cores	: 1
apicid		: 2
initial apicid	: 2
fdiv_bug	: no
f00f_bug	: no
coma_bug	: no
fpu		: yes
fpu_exception	: yes
cpuid level	: 13
wp		: yes
flags		: fpu vme de pse tsc msr pae mce cx8 apic sep mtrr pge mca cmov pat pse36 clflush mmx fxsr sse sse2 ss nx rdtscp lm constant_tsc arch_perfmon xtopology tsc_reliable nonstop_tsc pni pclmulqdq ssse3 cx16 sse4_1 sse4_2 x2apic popcnt tsc_deadline_timer aes xsave avx f16c rdrand hypervisor lahf_lm fsgsbase tsc_adjust smep arat
bugs		: cpu_meltdown spectre_v1 spectre_v2 spec_store_bypass l1tf
bogomips	: 3402.00
clflush size	: 64
cache_alignment	: 64
address sizes	: 43 bits physical, 48 bits virtual
power management:



Memory: 4k page, physical 2061944k(112716k free), swap 0k(0k free)

vm_info: OpenJDK Server VM (24.181-b01) for linux-x86 JRE (1.7.0_181-b01), built on Jul 30 2018 21:30:25 by "buildd" with gcc 4.8.4

time: Thu Jan 17 20:38:58 2019
elapsed time: 8 seconds

